07-12-2021 09:22:07.807 [Gauge] [DEBUG] Created gauge_screenshots_dir at C:\Users\testinium\IdeaProjects\ozdilekMobileDeneme\.gauge\screenshots
07-12-2021 09:22:07.810 [Gauge] [DEBUG] Plugin html-report is already installed.
07-12-2021 09:22:07.811 [Gauge] [DEBUG] Plugin java is already installed.
07-12-2021 09:22:07.812 [Gauge] [DEBUG] Parsing started.
07-12-2021 09:22:07.812 [Gauge] [DEBUG] Started concepts parsing.
07-12-2021 09:22:07.817 [Gauge] [DEBUG] 0 concepts parsing completed.
07-12-2021 09:22:07.818 [Gauge] [DEBUG] Started specifications parsing.
07-12-2021 09:22:07.819 [Gauge] [DEBUG] 1 specifications parsing completed.
07-12-2021 09:22:07.819 [Gauge] [DEBUG] Parsing completed.
07-12-2021 09:22:08.195 [Gauge] [DEBUG] Checking updates...
07-12-2021 09:22:08.198 [Gauge] [DEBUG] Downloading https://downloads.gauge.org/plugin/html-report?l=java&p=html-report,java,screenshot,spectacle,xml-report&o=windows&a=386
07-12-2021 09:22:08.530 [Gauge] [DEBUG] Downloading https://downloads.gauge.org/plugin/java?l=java&p=html-report,java,screenshot,spectacle,xml-report&o=windows&a=386
07-12-2021 09:22:08.705 [Gauge] [DEBUG] Downloading https://downloads.gauge.org/plugin/screenshot?l=java&p=html-report,java,screenshot,spectacle,xml-report&o=windows&a=386
07-12-2021 09:22:08.891 [Gauge] [DEBUG] Downloading https://downloads.gauge.org/plugin/spectacle?l=java&p=html-report,java,screenshot,spectacle,xml-report&o=windows&a=386
07-12-2021 09:22:09.081 [Gauge] [DEBUG] Downloading https://downloads.gauge.org/plugin/xml-report?l=java&p=html-report,java,screenshot,spectacle,xml-report&o=windows&a=386
07-12-2021 09:22:11.134 [java] [DEBUG] ***** Printing Properties/Env Values *****
07-12-2021 09:22:11.136 [java] [DEBUG] PATH: C:\Windows\system32;C:\Windows;C:\Windows\System32\Wbem;C:\Windows\System32\WindowsPowerShell\v1.0\;C:\Windows\System32\OpenSSH\;C:\Program Files\NVIDIA Corporation\NVIDIA NvDLISR;C:\WINDOWS\system32;C:\WINDOWS;C:\WINDOWS\System32\Wbem;C:\WINDOWS\System32\WindowsPowerShell\v1.0\;C:\WINDOWS\System32\OpenSSH\;C:\Program Files (x86)\AOMEI\AOMEI Backupper\6.7.0;C:\Program Files (x86)\Microsoft SQL Server\150\DTS\Binn\;C:\Program Files\Azure Data Studio\bin;C:\Program Files\Microsoft SQL Server\Client SDK\ODBC\170\Tools\Binn\;C:\Program Files (x86)\Microsoft SQL Server\150\Tools\Binn\;C:\Program Files\Microsoft SQL Server\150\Tools\Binn\;C:\Program Files\Microsoft SQL Server\150\DTS\Binn\;C:\Program Files\Git\cmd;C:\Program Files\Gauge\bin;C:\Program Files\nodejs\;C:\JavaLib\apache-maven-3.6.3\bin;C:\Users\testinium\AppData\Local\Android\Sdk\platform-tools;C:\Users\testinium\AppData\Local\Android\Sdk\tools;C:\Users\testinium\AppData\Local\Android\Sdk\build-tools;C:\Program Files\Java\jdk1.8.0_281\bin;C:\Users\testinium\AppData\Local\Microsoft\WindowsApps;C:\Program Files\Azure Data Studio\bin;C:\Users\testinium\AppData\Roaming\npm;C:\Program Files\Java\jdk1.8.0_281;C:\JavaLib\apache-maven-3.6.3\bin;";%!A(MISSING)NDROID_HOME\platform-tools%!"(MISSING);";%!A(MISSING)NDROID_HOME\tools%!"(MISSING);";%!A(MISSING)NDROID_HOME\build-tools%!"(MISSING);C:\Users\testinium\AppData\Local\Programs\Microsoft VS Code\bin;;C:\Users\testinium\AppData\Roaming\gauge\plugins\screenshot\0.1.0
07-12-2021 09:22:11.136 [java] [DEBUG] JAVA_HOME: C:\Program Files\Java\jdk1.8.0_281
07-12-2021 09:22:11.136 [java] [DEBUG] gauge_project_root: C:\Users\testinium\IdeaProjects\ozdilekMobileDeneme
07-12-2021 09:22:11.136 [java] [DEBUG] gauge_parallel_streams_count: 
07-12-2021 09:22:11.136 [java] [DEBUG] gauge_reports_dir: reports
07-12-2021 09:22:11.136 [java] [DEBUG] overwrite_reports: true
07-12-2021 09:22:11.136 [java] [DEBUG] logs_directory: log
07-12-2021 09:22:11.136 [java] [DEBUG] enable_multithreading: false
07-12-2021 09:22:11.136 [java] [DEBUG] gauge_specs_dir: specs
07-12-2021 09:22:11.136 [java] [DEBUG] csv_delimiter: ,
07-12-2021 09:22:11.136 [java] [DEBUG] gauge_java_home: 
07-12-2021 09:22:11.136 [java] [DEBUG] gauge_custom_build_path: 
07-12-2021 09:22:11.136 [java] [DEBUG] gauge_additional_libs: libs/*
07-12-2021 09:22:11.136 [java] [DEBUG] gauge_jvm_args: 
07-12-2021 09:22:11.136 [java] [DEBUG] gauge_custom_compile_dir: 
07-12-2021 09:22:11.136 [java] [DEBUG] gauge_clear_state_level: scenario
07-12-2021 09:22:11.136 [java] [DEBUG] ***** END *****
07-12-2021 09:22:16.367 [java] [DEBUG] classpath set to C:\Program Files\Java\jdk1.8.0_202\jre\lib\charsets.jar;C:\Program Files\Java\jdk1.8.0_202\jre\lib\deploy.jar;C:\Program Files\Java\jdk1.8.0_202\jre\lib\ext\access-bridge-64.jar;C:\Program Files\Java\jdk1.8.0_202\jre\lib\ext\cldrdata.jar;C:\Program Files\Java\jdk1.8.0_202\jre\lib\ext\dnsns.jar;C:\Program Files\Java\jdk1.8.0_202\jre\lib\ext\jaccess.jar;C:\Program Files\Java\jdk1.8.0_202\jre\lib\ext\jfxrt.jar;C:\Program Files\Java\jdk1.8.0_202\jre\lib\ext\localedata.jar;C:\Program Files\Java\jdk1.8.0_202\jre\lib\ext\nashorn.jar;C:\Program Files\Java\jdk1.8.0_202\jre\lib\ext\sunec.jar;C:\Program Files\Java\jdk1.8.0_202\jre\lib\ext\sunjce_provider.jar;C:\Program Files\Java\jdk1.8.0_202\jre\lib\ext\sunmscapi.jar;C:\Program Files\Java\jdk1.8.0_202\jre\lib\ext\sunpkcs11.jar;C:\Program Files\Java\jdk1.8.0_202\jre\lib\ext\zipfs.jar;C:\Program Files\Java\jdk1.8.0_202\jre\lib\javaws.jar;C:\Program Files\Java\jdk1.8.0_202\jre\lib\jce.jar;C:\Program Files\Java\jdk1.8.0_202\jre\lib\jfr.jar;C:\Program Files\Java\jdk1.8.0_202\jre\lib\jfxswt.jar;C:\Program Files\Java\jdk1.8.0_202\jre\lib\jsse.jar;C:\Program Files\Java\jdk1.8.0_202\jre\lib\management-agent.jar;C:\Program Files\Java\jdk1.8.0_202\jre\lib\plugin.jar;C:\Program Files\Java\jdk1.8.0_202\jre\lib\resources.jar;C:\Program Files\Java\jdk1.8.0_202\jre\lib\rt.jar;C:\Users\testinium\IdeaProjects\ozdilekMobileDeneme\target\test-classes;C:\Users\testinium\.m2\repository\junit\junit\4.12\junit-4.12.jar;C:\Users\testinium\.m2\repository\org\hamcrest\hamcrest-core\1.3\hamcrest-core-1.3.jar;C:\Users\testinium\.m2\repository\com\thoughtworks\gauge\gauge-java\0.7.15\gauge-java-0.7.15.jar;C:\Users\testinium\.m2\repository\org\assertj\assertj-core\3.19.0\assertj-core-3.19.0.jar;C:\Users\testinium\.m2\repository\org\reflections\reflections\0.9.9\reflections-0.9.9.jar;C:\Users\testinium\.m2\repository\org\javassist\javassist\3.18.2-GA\javassist-3.18.2-GA.jar;C:\Users\testinium\.m2\repository\com\google\code\findbugs\annotations\2.0.1\annotations-2.0.1.jar;C:\Users\testinium\.m2\repository\com\github\javaparser\javaparser-core\3.16.3\javaparser-core-3.16.3.jar;C:\Users\testinium\.m2\repository\commons-io\commons-io\2.8.0\commons-io-2.8.0.jar;C:\Users\testinium\.m2\repository\commons-lang\commons-lang\2.6\commons-lang-2.6.jar;C:\Users\testinium\.m2\repository\org\json\json\20210307\json-20210307.jar;C:\Users\testinium\.m2\repository\com\google\protobuf\protobuf-java\3.15.8\protobuf-java-3.15.8.jar;C:\Users\testinium\.m2\repository\com\google\guava\guava\30.1.1-jre\guava-30.1.1-jre.jar;C:\Users\testinium\.m2\repository\com\google\guava\failureaccess\1.0.1\failureaccess-1.0.1.jar;C:\Users\testinium\.m2\repository\com\google\guava\listenablefuture\9999.0-empty-to-avoid-conflict-with-guava\listenablefuture-9999.0-empty-to-avoid-conflict-with-guava.jar;C:\Users\testinium\.m2\repository\com\google\code\findbugs\jsr305\3.0.2\jsr305-3.0.2.jar;C:\Users\testinium\.m2\repository\org\checkerframework\checker-qual\3.8.0\checker-qual-3.8.0.jar;C:\Users\testinium\.m2\repository\com\google\errorprone\error_prone_annotations\2.5.1\error_prone_annotations-2.5.1.jar;C:\Users\testinium\.m2\repository\com\google\j2objc\j2objc-annotations\1.3\j2objc-annotations-1.3.jar;C:\Users\testinium\.m2\repository\io\grpc\grpc-netty-shaded\1.37.0\grpc-netty-shaded-1.37.0.jar;C:\Users\testinium\.m2\repository\io\grpc\grpc-core\1.37.0\grpc-core-1.37.0.jar;C:\Users\testinium\.m2\repository\com\google\android\annotations\4.1.1.4\annotations-4.1.1.4.jar;C:\Users\testinium\.m2\repository\io\perfmark\perfmark-api\0.23.0\perfmark-api-0.23.0.jar;C:\Users\testinium\.m2\repository\io\grpc\grpc-protobuf\1.37.0\grpc-protobuf-1.37.0.jar;C:\Users\testinium\.m2\repository\io\grpc\grpc-api\1.37.0\grpc-api-1.37.0.jar;C:\Users\testinium\.m2\repository\io\grpc\grpc-context\1.37.0\grpc-context-1.37.0.jar;C:\Users\testinium\.m2\repository\com\google\api\grpc\proto-google-common-protos\2.0.1\proto-google-common-protos-2.0.1.jar;C:\Users\testinium\.m2\repository\io\grpc\grpc-protobuf-lite\1.37.0\grpc-protobuf-lite-1.37.0.jar;C:\Users\testinium\.m2\repository\org\codehaus\mojo\animal-sniffer-annotations\1.19\animal-sniffer-annotations-1.19.jar;C:\Users\testinium\.m2\repository\io\grpc\grpc-stub\1.37.0\grpc-stub-1.37.0.jar;C:\Users\testinium\.m2\repository\javax\annotation\javax.annotation-api\1.3.2\javax.annotation-api-1.3.2.jar;C:\Users\testinium\.m2\repository\io\appium\java-client\7.3.0\java-client-7.3.0.jar;C:\Users\testinium\.m2\repository\org\seleniumhq\selenium\selenium-java\3.141.59\selenium-java-3.141.59.jar;C:\Users\testinium\.m2\repository\org\seleniumhq\selenium\selenium-chrome-driver\3.141.59\selenium-chrome-driver-3.141.59.jar;C:\Users\testinium\.m2\repository\org\seleniumhq\selenium\selenium-edge-driver\3.141.59\selenium-edge-driver-3.141.59.jar;C:\Users\testinium\.m2\repository\org\seleniumhq\selenium\selenium-firefox-driver\3.141.59\selenium-firefox-driver-3.141.59.jar;C:\Users\testinium\.m2\repository\org\seleniumhq\selenium\selenium-ie-driver\3.141.59\selenium-ie-driver-3.141.59.jar;C:\Users\testinium\.m2\repository\org\seleniumhq\selenium\selenium-opera-driver\3.141.59\selenium-opera-driver-3.141.59.jar;C:\Users\testinium\.m2\repository\org\seleniumhq\selenium\selenium-remote-driver\3.141.59\selenium-remote-driver-3.141.59.jar;C:\Users\testinium\.m2\repository\org\seleniumhq\selenium\selenium-safari-driver\3.141.59\selenium-safari-driver-3.141.59.jar;C:\Users\testinium\.m2\repository\net\bytebuddy\byte-buddy\1.8.15\byte-buddy-1.8.15.jar;C:\Users\testinium\.m2\repository\org\apache\commons\commons-exec\1.3\commons-exec-1.3.jar;C:\Users\testinium\.m2\repository\com\squareup\okhttp3\okhttp\3.11.0\okhttp-3.11.0.jar;C:\Users\testinium\.m2\repository\com\squareup\okio\okio\1.14.0\okio-1.14.0.jar;C:\Users\testinium\.m2\repository\org\seleniumhq\selenium\selenium-support\3.141.59\selenium-support-3.141.59.jar;C:\Users\testinium\.m2\repository\org\seleniumhq\selenium\selenium-api\3.141.59\selenium-api-3.141.59.jar;C:\Users\testinium\.m2\repository\com\google\code\gson\gson\2.8.5\gson-2.8.5.jar;C:\Users\testinium\.m2\repository\org\apache\httpcomponents\httpclient\4.5.9\httpclient-4.5.9.jar;C:\Users\testinium\.m2\repository\org\apache\httpcomponents\httpcore\4.4.11\httpcore-4.4.11.jar;C:\Users\testinium\.m2\repository\commons-logging\commons-logging\1.2\commons-logging-1.2.jar;C:\Users\testinium\.m2\repository\commons-codec\commons-codec\1.11\commons-codec-1.11.jar;C:\Users\testinium\.m2\repository\cglib\cglib\3.2.12\cglib-3.2.12.jar;C:\Users\testinium\.m2\repository\org\ow2\asm\asm\7.1\asm-7.1.jar;C:\Users\testinium\.m2\repository\commons-validator\commons-validator\1.6\commons-validator-1.6.jar;C:\Users\testinium\.m2\repository\commons-beanutils\commons-beanutils\1.9.2\commons-beanutils-1.9.2.jar;C:\Users\testinium\.m2\repository\commons-digester\commons-digester\1.8.1\commons-digester-1.8.1.jar;C:\Users\testinium\.m2\repository\commons-collections\commons-collections\3.2.2\commons-collections-3.2.2.jar;C:\Users\testinium\.m2\repository\org\apache\commons\commons-lang3\3.9\commons-lang3-3.9.jar;C:\Users\testinium\.m2\repository\org\springframework\spring-context\5.1.8.RELEASE\spring-context-5.1.8.RELEASE.jar;C:\Users\testinium\.m2\repository\org\springframework\spring-aop\5.1.8.RELEASE\spring-aop-5.1.8.RELEASE.jar;C:\Users\testinium\.m2\repository\org\springframework\spring-beans\5.1.8.RELEASE\spring-beans-5.1.8.RELEASE.jar;C:\Users\testinium\.m2\repository\org\springframework\spring-core\5.1.8.RELEASE\spring-core-5.1.8.RELEASE.jar;C:\Users\testinium\.m2\repository\org\springframework\spring-jcl\5.1.8.RELEASE\spring-jcl-5.1.8.RELEASE.jar;C:\Users\testinium\.m2\repository\org\springframework\spring-expression\5.1.8.RELEASE\spring-expression-5.1.8.RELEASE.jar;C:\Users\testinium\.m2\repository\org\aspectj\aspectjweaver\1.9.4\aspectjweaver-1.9.4.jar;C:\Users\testinium\.m2\repository\org\slf4j\slf4j-api\1.7.26\slf4j-api-1.7.26.jar;C:\Users\testinium\.m2\repository\log4j\log4j\1.2.17\log4j-1.2.17.jar
07-12-2021 09:22:16.474 [java] [DEBUG] found java executable in C:\Program Files\Java\jdk1.8.0_281\jre\bin\java.exe
07-12-2021 09:22:16.474 [java] [DEBUG] running - C:\Program Files\Java\jdk1.8.0_281\jre\bin\java.exe [-Dfile.encoding=UTF-8 com.thoughtworks.gauge.GaugeRuntime --start]
07-12-2021 09:22:16.474 [java] [DEBUG] stdout/stderr is logged to log\4452-java.exe.out
07-12-2021 09:22:16.648 [java] [DEBUG] multithreading is set to false
07-12-2021 09:22:16.932 [java] [DEBUG] Using reflection to scan dependencies for gauge implementations...
07-12-2021 09:22:17.487 [java] [DEBUG] gauge-java took 845milliseconds to load and scan. This should be less than 'runner_connection_timeout' config value.
07-12-2021 09:22:17.487 [java] [DEBUG] run 'gauge config runner_connection_timeout' and verify that it is < 845
07-12-2021 09:22:17.487 [java] [DEBUG] starting gRPC server...
07-12-2021 09:22:17.978 [java] [DEBUG] started gRPC server on port 62766
07-12-2021 09:22:17.978 [Gauge] [DEBUG] Attempting to connect to grpc server at port: 62766
07-12-2021 09:22:18.100 [Gauge] [DEBUG] Successfully made the connection with runner with port: 62766
07-12-2021 09:22:18.100 [Gauge] [DEBUG] Validation started.
07-12-2021 09:22:19.727 [java] [DEBUG] Scanning packages for steps
07-12-2021 09:22:19.753 [java] [DEBUG] Comparing 'org.example.BasePage.randomProduct' and 'org.example.BasePage.randomProduct'
07-12-2021 09:22:19.753 [java] [DEBUG] Found {} Random ürün seç in current project scope.
07-12-2021 09:22:19.753 [java] [DEBUG] Comparing 'org.example.BasePage.waitForsecond' and 'org.example.BasePage.waitForsecond'
07-12-2021 09:22:19.753 [java] [DEBUG] Found {} saniye bekle in current project scope.
07-12-2021 09:22:19.753 [java] [DEBUG] Comparing 'org.example.BasePage.scroll' and 'org.example.BasePage.scroll'
07-12-2021 09:22:19.753 [java] [DEBUG] Found Scroll Yap in current project scope.
07-12-2021 09:22:19.753 [java] [DEBUG] Comparing 'org.example.BasePage.elementClick' and 'org.example.BasePage.elementClick'
07-12-2021 09:22:19.753 [java] [DEBUG] Found {} tıkla in current project scope.
07-12-2021 09:22:19.753 [java] [DEBUG] Comparing 'org.example.BasePage.xpathControl' and 'org.example.BasePage.xpathControl'
07-12-2021 09:22:19.753 [java] [DEBUG] Found {} xpath kontrol in current project scope.
07-12-2021 09:22:19.753 [java] [DEBUG] Comparing 'org.example.BasePage.idControl' and 'org.example.BasePage.idControl'
07-12-2021 09:22:19.753 [java] [DEBUG] Found {} id kontrol in current project scope.
07-12-2021 09:22:19.753 [java] [DEBUG] Comparing 'org.example.BasePage.textControl' and 'org.example.BasePage.textControl'
07-12-2021 09:22:19.753 [java] [DEBUG] Found {} id'li element {} text değerini içeridiğini kontrol et in current project scope.
07-12-2021 09:22:19.754 [java] [DEBUG] Comparing 'org.example.BasePage.xpathClick' and 'org.example.BasePage.xpathClick'
07-12-2021 09:22:19.754 [java] [DEBUG] Found {} xpath tıkla in current project scope.
07-12-2021 09:22:19.754 [java] [DEBUG] Comparing 'org.example.BasePage.sendKeysbyid' and 'org.example.BasePage.sendKeysbyid'
07-12-2021 09:22:19.754 [java] [DEBUG] Found {} id'li elemente {} text değerini yaz in current project scope.
07-12-2021 09:22:19.754 [java] [DEBUG] Scanning packages for hooks
07-12-2021 09:22:19.762 [java] [DEBUG] Scanned steps (using static parsing + reflections): 
07-12-2021 09:22:19.762 [java] [DEBUG] 	{} tıkla : public void elementClick(String selectorid)
07-12-2021 09:22:19.762 [java] [DEBUG] 	{} saniye bekle : public void waitForsecond(ınt wait) throws InterruptedException
07-12-2021 09:22:19.762 [java] [DEBUG] 	{} xpath kontrol : public void xpathControl(String selectorid)
07-12-2021 09:22:19.762 [java] [DEBUG] 	{} id'li elemente {} text değerini yaz : public void sendKeysbyid(String id, String text)
07-12-2021 09:22:19.763 [java] [DEBUG] 	Scroll Yap : public void scroll()
07-12-2021 09:22:19.763 [java] [DEBUG] 	{} Random ürün seç : public void randomProduct(String xpath)
07-12-2021 09:22:19.763 [java] [DEBUG] 	{} id'li element {} text değerini içeridiğini kontrol et : public void textControl(String key, String keyword)
07-12-2021 09:22:19.763 [java] [DEBUG] 	{} xpath tıkla : public void xpathClick(String xpath)
07-12-2021 09:22:19.763 [java] [DEBUG] 	{} id kontrol : public void idControl(String key)
07-12-2021 09:22:21.588 [Gauge] [DEBUG] Validation completed.
07-12-2021 09:22:21.589 [Gauge] [DEBUG] Run started
07-12-2021 09:22:21.590 [Gauge] [DEBUG] Starting Html Report plugin
07-12-2021 09:22:25.168 [Gauge] [DEBUG] Attempting to connect to grpc server at port: 62775
07-12-2021 09:22:25.170 [Gauge] [DEBUG] Successfully made the connection with plugin with port: 62775
07-12-2021 09:22:25.170 [Gauge] [DEBUG] Initialising suite data store.
07-12-2021 09:22:43.060 [java] [DEBUG] Executing '{} saniye bekle' using 'class org.example.BasePage.waitForsecond
07-12-2021 09:22:46.074 [java] [DEBUG] Executing '{} id kontrol' using 'class org.example.BasePage.idControl
07-12-2021 09:22:46.248 [java] [DEBUG] Executing '{} saniye bekle' using 'class org.example.BasePage.waitForsecond
07-12-2021 09:22:49.263 [java] [DEBUG] Executing '{} tıkla' using 'class org.example.BasePage.elementClick
07-12-2021 09:22:49.396 [java] [DEBUG] Executing '{} saniye bekle' using 'class org.example.BasePage.waitForsecond
07-12-2021 09:22:52.407 [java] [DEBUG] Executing '{} id kontrol' using 'class org.example.BasePage.idControl
07-12-2021 09:22:52.552 [java] [DEBUG] Executing '{} saniye bekle' using 'class org.example.BasePage.waitForsecond
07-12-2021 09:22:55.579 [java] [DEBUG] Executing '{} tıkla' using 'class org.example.BasePage.elementClick
07-12-2021 09:22:55.775 [java] [DEBUG] Executing '{} xpath kontrol' using 'class org.example.BasePage.xpathControl
07-12-2021 09:22:57.176 [java] [DEBUG] Executing '{} saniye bekle' using 'class org.example.BasePage.waitForsecond
07-12-2021 09:23:00.182 [java] [DEBUG] Executing '{} xpath tıkla' using 'class org.example.BasePage.xpathClick
07-12-2021 09:23:01.070 [java] [DEBUG] Executing '{} xpath tıkla' using 'class org.example.BasePage.xpathClick
07-12-2021 09:23:01.841 [java] [DEBUG] Executing '{} saniye bekle' using 'class org.example.BasePage.waitForsecond
07-12-2021 09:23:04.861 [java] [DEBUG] Executing 'Scroll Yap' using 'class org.example.BasePage.scroll
07-12-2021 09:23:07.024 [java] [DEBUG] Executing '{} saniye bekle' using 'class org.example.BasePage.waitForsecond
07-12-2021 09:23:10.049 [java] [DEBUG] Executing 'Scroll Yap' using 'class org.example.BasePage.scroll
07-12-2021 09:23:12.221 [java] [DEBUG] Executing '{} saniye bekle' using 'class org.example.BasePage.waitForsecond
07-12-2021 09:23:15.240 [java] [DEBUG] Executing '{} Random ürün seç' using 'class org.example.BasePage.randomProduct
07-12-2021 09:23:16.110 [java] [DEBUG] Executing '{} id kontrol' using 'class org.example.BasePage.idControl
07-12-2021 09:23:17.193 [java] [DEBUG] Executing '{} tıkla' using 'class org.example.BasePage.elementClick
07-12-2021 09:23:17.373 [java] [DEBUG] Executing '{} id kontrol' using 'class org.example.BasePage.idControl
07-12-2021 09:23:18.087 [java] [DEBUG] Executing '{} id'li elemente {} text değerini yaz' using 'class org.example.BasePage.sendKeysbyid
07-12-2021 09:23:18.736 [java] [DEBUG] Executing '{} id'li elemente {} text değerini yaz' using 'class org.example.BasePage.sendKeysbyid
07-12-2021 09:23:19.459 [java] [DEBUG] Executing '{} tıkla' using 'class org.example.BasePage.elementClick
07-12-2021 09:23:20.049 [java] [DEBUG] Executing '{} tıkla' using 'class org.example.BasePage.elementClick
07-12-2021 09:23:21.753 [java] [DEBUG] Executing '{} Random ürün seç' using 'class org.example.BasePage.randomProduct
07-12-2021 09:23:23.166 [java] [DEBUG] Executing '{} saniye bekle' using 'class org.example.BasePage.waitForsecond
07-12-2021 09:23:25.182 [java] [DEBUG] Executing '{} tıkla' using 'class org.example.BasePage.elementClick
07-12-2021 09:23:25.908 [html-report] [DEBUG] Transformed SuiteResult to report structure
07-12-2021 09:23:25.951 [html-report] [INFO] Successfully generated html-report to => C:\Users\testinium\IdeaProjects\ozdilekMobileDeneme\reports\html-report\index.html
07-12-2021 09:23:25.951 [html-report] [DEBUG] Done generating HTML report using theme from C:\Users\testinium\AppData\Roaming\gauge\plugins\html-report\4.0.12\themes\default
07-12-2021 09:23:25.952 [Gauge] [DEBUG] Sending kill message to Html Report plugin.
07-12-2021 09:23:25.954 [java] [DEBUG] Killing Java runner...
07-12-2021 09:23:25.955 [java] [DEBUG] Stopping execution pool...
07-12-2021 09:23:25.955 [java] [DEBUG] Shutting down grpc server...
07-12-2021 09:23:25.964 [java] [DEBUG] Runner killed gracefully.
07-12-2021 09:23:26.622 [Gauge] [DEBUG] Runner with PID:4452 has exited
07-12-2021 09:23:26.622 [Gauge] [INFO] Specifications:	1 executed	1 passed	0 failed	0 skipped
07-12-2021 09:23:26.622 [Gauge] [INFO] Scenarios:	1 executed	1 passed	0 failed	0 skipped
07-12-2021 09:23:26.622 [Gauge] [INFO] 
Total time taken: 1m4.317s
07-12-2021 09:23:26.623 [Gauge] [INFO] Updates are available. Run `gauge update -c` for more info.
07-12-2021 13:12:40.142 [Gauge] [DEBUG] Created gauge_screenshots_dir at C:\Users\testinium\IdeaProjects\ozdilekMobileDeneme\.gauge\screenshots
07-12-2021 13:12:40.167 [Gauge] [DEBUG] Plugin java is already installed.
07-12-2021 13:12:40.174 [Gauge] [DEBUG] Plugin html-report is already installed.
07-12-2021 13:12:40.176 [Gauge] [DEBUG] Parsing started.
07-12-2021 13:12:40.176 [Gauge] [DEBUG] Started concepts parsing.
07-12-2021 13:12:40.184 [Gauge] [ERROR] [ParseError] C:\Users\testinium\IdeaProjects\ozdilekMobileDeneme\specs\sayfalar.cpt:27 Circular reference found in concept. "Scroll Yap" => C:\Users\testinium\IdeaProjects\ozdilekMobileDeneme\specs\sayfalar.cpt:25 => 'Scroll Yap'
07-12-2021 13:12:40.184 [Gauge] [ERROR] [ParseError] C:\Users\testinium\IdeaProjects\ozdilekMobileDeneme\specs\sayfalar.cpt:25 Circular reference found in concept. "Scroll Yap" => C:\Users\testinium\IdeaProjects\ozdilekMobileDeneme\specs\sayfalar.cpt:27 => 'Scroll Yap'
07-12-2021 13:12:40.184 [Gauge] [DEBUG] 15 concepts parsing completed.
07-12-2021 13:12:40.184 [Gauge] [DEBUG] Started specifications parsing.
07-12-2021 13:12:40.185 [Gauge] [DEBUG] 1 specifications parsing completed.
07-12-2021 13:12:40.186 [Gauge] [DEBUG] Parsing completed.
07-12-2021 13:12:40.787 [Gauge] [DEBUG] Checking updates...
07-12-2021 13:12:40.792 [Gauge] [DEBUG] Downloading https://downloads.gauge.org/plugin/html-report?l=java&p=html-report,java,screenshot,spectacle,xml-report&o=windows&a=386
07-12-2021 13:12:41.260 [Gauge] [DEBUG] Downloading https://downloads.gauge.org/plugin/java?l=java&p=html-report,java,screenshot,spectacle,xml-report&o=windows&a=386
07-12-2021 13:12:41.427 [Gauge] [DEBUG] Downloading https://downloads.gauge.org/plugin/screenshot?l=java&p=html-report,java,screenshot,spectacle,xml-report&o=windows&a=386
07-12-2021 13:12:41.613 [Gauge] [DEBUG] Downloading https://downloads.gauge.org/plugin/spectacle?l=java&p=html-report,java,screenshot,spectacle,xml-report&o=windows&a=386
07-12-2021 13:12:41.821 [Gauge] [DEBUG] Downloading https://downloads.gauge.org/plugin/xml-report?l=java&p=html-report,java,screenshot,spectacle,xml-report&o=windows&a=386
07-12-2021 13:12:50.518 [java] [DEBUG] ***** Printing Properties/Env Values *****
07-12-2021 13:12:50.518 [java] [DEBUG] PATH: C:\Program Files (x86)\VMware\VMware Player\bin\;C:\Windows\system32;C:\Windows;C:\Windows\System32\Wbem;C:\Windows\System32\WindowsPowerShell\v1.0\;C:\Windows\System32\OpenSSH\;C:\Program Files\NVIDIA Corporation\NVIDIA NvDLISR;C:\WINDOWS\system32;C:\WINDOWS;C:\WINDOWS\System32\Wbem;C:\WINDOWS\System32\WindowsPowerShell\v1.0\;C:\WINDOWS\System32\OpenSSH\;C:\Program Files (x86)\AOMEI\AOMEI Backupper\6.7.0;C:\Program Files (x86)\Microsoft SQL Server\150\DTS\Binn\;C:\Program Files\Azure Data Studio\bin;C:\Program Files\Microsoft SQL Server\Client SDK\ODBC\170\Tools\Binn\;C:\Program Files (x86)\Microsoft SQL Server\150\Tools\Binn\;C:\Program Files\Microsoft SQL Server\150\Tools\Binn\;C:\Program Files\Microsoft SQL Server\150\DTS\Binn\;C:\Program Files\Git\cmd;C:\Program Files\Gauge\bin;C:\Program Files\nodejs\;C:\JavaLib\apache-maven-3.6.3\bin;C:\Users\testinium\AppData\Local\Android\Sdk\platform-tools;C:\Users\testinium\AppData\Local\Android\Sdk\tools;C:\Users\testinium\AppData\Local\Android\Sdk\build-tools;C:\Program Files\Java\jdk1.8.0_281\bin;C:\Program Files (x86)\Micro Focus\Unified Functional Testing\bin;C:\Users\testinium\AppData\Local\Microsoft\WindowsApps;C:\Program Files\Azure Data Studio\bin;C:\Users\testinium\AppData\Roaming\npm;C:\Program Files\Java\jdk1.8.0_281;C:\JavaLib\apache-maven-3.6.3\bin;";%!A(MISSING)NDROID_HOME\platform-tools%!"(MISSING);";%!A(MISSING)NDROID_HOME\tools%!"(MISSING);";%!A(MISSING)NDROID_HOME\build-tools%!"(MISSING);C:\Users\testinium\AppData\Local\Programs\Microsoft VS Code\bin;;C:\Users\testinium\AppData\Roaming\gauge\plugins\screenshot\0.1.0
07-12-2021 13:12:50.518 [java] [DEBUG] JAVA_HOME: C:\Program Files\Java\jdk1.8.0_281
07-12-2021 13:12:50.518 [java] [DEBUG] gauge_project_root: C:\Users\testinium\IdeaProjects\ozdilekMobileDeneme
07-12-2021 13:12:50.518 [java] [DEBUG] gauge_parallel_streams_count: 
07-12-2021 13:12:50.518 [java] [DEBUG] gauge_reports_dir: reports
07-12-2021 13:12:50.518 [java] [DEBUG] overwrite_reports: true
07-12-2021 13:12:50.518 [java] [DEBUG] logs_directory: log
07-12-2021 13:12:50.518 [java] [DEBUG] enable_multithreading: false
07-12-2021 13:12:50.518 [java] [DEBUG] gauge_specs_dir: specs
07-12-2021 13:12:50.518 [java] [DEBUG] csv_delimiter: ,
07-12-2021 13:12:50.518 [java] [DEBUG] gauge_java_home: 
07-12-2021 13:12:50.518 [java] [DEBUG] gauge_custom_build_path: 
07-12-2021 13:12:50.518 [java] [DEBUG] gauge_additional_libs: libs/*
07-12-2021 13:12:50.518 [java] [DEBUG] gauge_jvm_args: 
07-12-2021 13:12:50.518 [java] [DEBUG] gauge_custom_compile_dir: 
07-12-2021 13:12:50.518 [java] [DEBUG] gauge_clear_state_level: scenario
07-12-2021 13:12:50.518 [java] [DEBUG] ***** END *****
07-12-2021 13:13:00.903 [java] [DEBUG] classpath set to C:\Program Files\Java\jdk1.8.0_202\jre\lib\charsets.jar;C:\Program Files\Java\jdk1.8.0_202\jre\lib\deploy.jar;C:\Program Files\Java\jdk1.8.0_202\jre\lib\ext\access-bridge-64.jar;C:\Program Files\Java\jdk1.8.0_202\jre\lib\ext\cldrdata.jar;C:\Program Files\Java\jdk1.8.0_202\jre\lib\ext\dnsns.jar;C:\Program Files\Java\jdk1.8.0_202\jre\lib\ext\jaccess.jar;C:\Program Files\Java\jdk1.8.0_202\jre\lib\ext\jfxrt.jar;C:\Program Files\Java\jdk1.8.0_202\jre\lib\ext\localedata.jar;C:\Program Files\Java\jdk1.8.0_202\jre\lib\ext\nashorn.jar;C:\Program Files\Java\jdk1.8.0_202\jre\lib\ext\sunec.jar;C:\Program Files\Java\jdk1.8.0_202\jre\lib\ext\sunjce_provider.jar;C:\Program Files\Java\jdk1.8.0_202\jre\lib\ext\sunmscapi.jar;C:\Program Files\Java\jdk1.8.0_202\jre\lib\ext\sunpkcs11.jar;C:\Program Files\Java\jdk1.8.0_202\jre\lib\ext\zipfs.jar;C:\Program Files\Java\jdk1.8.0_202\jre\lib\javaws.jar;C:\Program Files\Java\jdk1.8.0_202\jre\lib\jce.jar;C:\Program Files\Java\jdk1.8.0_202\jre\lib\jfr.jar;C:\Program Files\Java\jdk1.8.0_202\jre\lib\jfxswt.jar;C:\Program Files\Java\jdk1.8.0_202\jre\lib\jsse.jar;C:\Program Files\Java\jdk1.8.0_202\jre\lib\management-agent.jar;C:\Program Files\Java\jdk1.8.0_202\jre\lib\plugin.jar;C:\Program Files\Java\jdk1.8.0_202\jre\lib\resources.jar;C:\Program Files\Java\jdk1.8.0_202\jre\lib\rt.jar;C:\Users\testinium\IdeaProjects\ozdilekMobileDeneme\target\test-classes;C:\Users\testinium\.m2\repository\junit\junit\4.12\junit-4.12.jar;C:\Users\testinium\.m2\repository\org\hamcrest\hamcrest-core\1.3\hamcrest-core-1.3.jar;C:\Users\testinium\.m2\repository\com\thoughtworks\gauge\gauge-java\0.7.15\gauge-java-0.7.15.jar;C:\Users\testinium\.m2\repository\org\assertj\assertj-core\3.19.0\assertj-core-3.19.0.jar;C:\Users\testinium\.m2\repository\org\reflections\reflections\0.9.9\reflections-0.9.9.jar;C:\Users\testinium\.m2\repository\org\javassist\javassist\3.18.2-GA\javassist-3.18.2-GA.jar;C:\Users\testinium\.m2\repository\com\google\code\findbugs\annotations\2.0.1\annotations-2.0.1.jar;C:\Users\testinium\.m2\repository\com\github\javaparser\javaparser-core\3.16.3\javaparser-core-3.16.3.jar;C:\Users\testinium\.m2\repository\commons-io\commons-io\2.8.0\commons-io-2.8.0.jar;C:\Users\testinium\.m2\repository\commons-lang\commons-lang\2.6\commons-lang-2.6.jar;C:\Users\testinium\.m2\repository\org\json\json\20210307\json-20210307.jar;C:\Users\testinium\.m2\repository\com\google\protobuf\protobuf-java\3.15.8\protobuf-java-3.15.8.jar;C:\Users\testinium\.m2\repository\com\google\guava\guava\30.1.1-jre\guava-30.1.1-jre.jar;C:\Users\testinium\.m2\repository\com\google\guava\failureaccess\1.0.1\failureaccess-1.0.1.jar;C:\Users\testinium\.m2\repository\com\google\guava\listenablefuture\9999.0-empty-to-avoid-conflict-with-guava\listenablefuture-9999.0-empty-to-avoid-conflict-with-guava.jar;C:\Users\testinium\.m2\repository\com\google\code\findbugs\jsr305\3.0.2\jsr305-3.0.2.jar;C:\Users\testinium\.m2\repository\org\checkerframework\checker-qual\3.8.0\checker-qual-3.8.0.jar;C:\Users\testinium\.m2\repository\com\google\errorprone\error_prone_annotations\2.5.1\error_prone_annotations-2.5.1.jar;C:\Users\testinium\.m2\repository\com\google\j2objc\j2objc-annotations\1.3\j2objc-annotations-1.3.jar;C:\Users\testinium\.m2\repository\io\grpc\grpc-netty-shaded\1.37.0\grpc-netty-shaded-1.37.0.jar;C:\Users\testinium\.m2\repository\io\grpc\grpc-core\1.37.0\grpc-core-1.37.0.jar;C:\Users\testinium\.m2\repository\com\google\android\annotations\4.1.1.4\annotations-4.1.1.4.jar;C:\Users\testinium\.m2\repository\io\perfmark\perfmark-api\0.23.0\perfmark-api-0.23.0.jar;C:\Users\testinium\.m2\repository\io\grpc\grpc-protobuf\1.37.0\grpc-protobuf-1.37.0.jar;C:\Users\testinium\.m2\repository\io\grpc\grpc-api\1.37.0\grpc-api-1.37.0.jar;C:\Users\testinium\.m2\repository\io\grpc\grpc-context\1.37.0\grpc-context-1.37.0.jar;C:\Users\testinium\.m2\repository\com\google\api\grpc\proto-google-common-protos\2.0.1\proto-google-common-protos-2.0.1.jar;C:\Users\testinium\.m2\repository\io\grpc\grpc-protobuf-lite\1.37.0\grpc-protobuf-lite-1.37.0.jar;C:\Users\testinium\.m2\repository\org\codehaus\mojo\animal-sniffer-annotations\1.19\animal-sniffer-annotations-1.19.jar;C:\Users\testinium\.m2\repository\io\grpc\grpc-stub\1.37.0\grpc-stub-1.37.0.jar;C:\Users\testinium\.m2\repository\javax\annotation\javax.annotation-api\1.3.2\javax.annotation-api-1.3.2.jar;C:\Users\testinium\.m2\repository\io\appium\java-client\7.3.0\java-client-7.3.0.jar;C:\Users\testinium\.m2\repository\org\seleniumhq\selenium\selenium-java\3.141.59\selenium-java-3.141.59.jar;C:\Users\testinium\.m2\repository\org\seleniumhq\selenium\selenium-chrome-driver\3.141.59\selenium-chrome-driver-3.141.59.jar;C:\Users\testinium\.m2\repository\org\seleniumhq\selenium\selenium-edge-driver\3.141.59\selenium-edge-driver-3.141.59.jar;C:\Users\testinium\.m2\repository\org\seleniumhq\selenium\selenium-firefox-driver\3.141.59\selenium-firefox-driver-3.141.59.jar;C:\Users\testinium\.m2\repository\org\seleniumhq\selenium\selenium-ie-driver\3.141.59\selenium-ie-driver-3.141.59.jar;C:\Users\testinium\.m2\repository\org\seleniumhq\selenium\selenium-opera-driver\3.141.59\selenium-opera-driver-3.141.59.jar;C:\Users\testinium\.m2\repository\org\seleniumhq\selenium\selenium-remote-driver\3.141.59\selenium-remote-driver-3.141.59.jar;C:\Users\testinium\.m2\repository\org\seleniumhq\selenium\selenium-safari-driver\3.141.59\selenium-safari-driver-3.141.59.jar;C:\Users\testinium\.m2\repository\net\bytebuddy\byte-buddy\1.8.15\byte-buddy-1.8.15.jar;C:\Users\testinium\.m2\repository\org\apache\commons\commons-exec\1.3\commons-exec-1.3.jar;C:\Users\testinium\.m2\repository\com\squareup\okhttp3\okhttp\3.11.0\okhttp-3.11.0.jar;C:\Users\testinium\.m2\repository\com\squareup\okio\okio\1.14.0\okio-1.14.0.jar;C:\Users\testinium\.m2\repository\org\seleniumhq\selenium\selenium-support\3.141.59\selenium-support-3.141.59.jar;C:\Users\testinium\.m2\repository\org\seleniumhq\selenium\selenium-api\3.141.59\selenium-api-3.141.59.jar;C:\Users\testinium\.m2\repository\com\google\code\gson\gson\2.8.5\gson-2.8.5.jar;C:\Users\testinium\.m2\repository\org\apache\httpcomponents\httpclient\4.5.9\httpclient-4.5.9.jar;C:\Users\testinium\.m2\repository\org\apache\httpcomponents\httpcore\4.4.11\httpcore-4.4.11.jar;C:\Users\testinium\.m2\repository\commons-logging\commons-logging\1.2\commons-logging-1.2.jar;C:\Users\testinium\.m2\repository\commons-codec\commons-codec\1.11\commons-codec-1.11.jar;C:\Users\testinium\.m2\repository\cglib\cglib\3.2.12\cglib-3.2.12.jar;C:\Users\testinium\.m2\repository\org\ow2\asm\asm\7.1\asm-7.1.jar;C:\Users\testinium\.m2\repository\commons-validator\commons-validator\1.6\commons-validator-1.6.jar;C:\Users\testinium\.m2\repository\commons-beanutils\commons-beanutils\1.9.2\commons-beanutils-1.9.2.jar;C:\Users\testinium\.m2\repository\commons-digester\commons-digester\1.8.1\commons-digester-1.8.1.jar;C:\Users\testinium\.m2\repository\commons-collections\commons-collections\3.2.2\commons-collections-3.2.2.jar;C:\Users\testinium\.m2\repository\org\apache\commons\commons-lang3\3.9\commons-lang3-3.9.jar;C:\Users\testinium\.m2\repository\org\springframework\spring-context\5.1.8.RELEASE\spring-context-5.1.8.RELEASE.jar;C:\Users\testinium\.m2\repository\org\springframework\spring-aop\5.1.8.RELEASE\spring-aop-5.1.8.RELEASE.jar;C:\Users\testinium\.m2\repository\org\springframework\spring-beans\5.1.8.RELEASE\spring-beans-5.1.8.RELEASE.jar;C:\Users\testinium\.m2\repository\org\springframework\spring-core\5.1.8.RELEASE\spring-core-5.1.8.RELEASE.jar;C:\Users\testinium\.m2\repository\org\springframework\spring-jcl\5.1.8.RELEASE\spring-jcl-5.1.8.RELEASE.jar;C:\Users\testinium\.m2\repository\org\springframework\spring-expression\5.1.8.RELEASE\spring-expression-5.1.8.RELEASE.jar;C:\Users\testinium\.m2\repository\org\aspectj\aspectjweaver\1.9.4\aspectjweaver-1.9.4.jar;C:\Users\testinium\.m2\repository\org\slf4j\slf4j-api\1.7.26\slf4j-api-1.7.26.jar;C:\Users\testinium\.m2\repository\log4j\log4j\1.2.17\log4j-1.2.17.jar
07-12-2021 13:13:01.103 [java] [DEBUG] found java executable in C:\Program Files\Java\jdk1.8.0_281\jre\bin\java.exe
07-12-2021 13:13:01.103 [java] [DEBUG] running - C:\Program Files\Java\jdk1.8.0_281\jre\bin\java.exe [-Dfile.encoding=UTF-8 com.thoughtworks.gauge.GaugeRuntime --start]
07-12-2021 13:13:01.103 [java] [DEBUG] stdout/stderr is logged to log\23320-java.exe.out
07-12-2021 13:13:01.515 [java] [DEBUG] multithreading is set to false
07-12-2021 13:13:02.043 [java] [DEBUG] Using reflection to scan dependencies for gauge implementations...
07-12-2021 13:13:02.925 [java] [DEBUG] gauge-java took 1411milliseconds to load and scan. This should be less than 'runner_connection_timeout' config value.
07-12-2021 13:13:02.926 [java] [DEBUG] run 'gauge config runner_connection_timeout' and verify that it is < 1411
07-12-2021 13:13:02.926 [java] [DEBUG] starting gRPC server...
07-12-2021 13:13:03.752 [java] [DEBUG] started gRPC server on port 49327
07-12-2021 13:13:03.752 [Gauge] [DEBUG] Attempting to connect to grpc server at port: 49327
07-12-2021 13:13:03.912 [Gauge] [DEBUG] Successfully made the connection with runner with port: 49327
07-12-2021 13:13:03.912 [Gauge] [DEBUG] Validation started.
07-12-2021 13:13:06.253 [java] [DEBUG] Scanning packages for steps
07-12-2021 13:13:06.292 [java] [DEBUG] Comparing 'org.example.BasePage.randomProduct' and 'org.example.BasePage.randomProduct'
07-12-2021 13:13:06.293 [java] [DEBUG] Found {} Random ürün seç in current project scope.
07-12-2021 13:13:06.293 [java] [DEBUG] Comparing 'org.example.BasePage.waitForsecond' and 'org.example.BasePage.waitForsecond'
07-12-2021 13:13:06.293 [java] [DEBUG] Found {} saniye bekle in current project scope.
07-12-2021 13:13:06.293 [java] [DEBUG] Comparing 'org.example.BasePage.scroll' and 'org.example.BasePage.scroll'
07-12-2021 13:13:06.293 [java] [DEBUG] Found Scroll Yap in current project scope.
07-12-2021 13:13:06.293 [java] [DEBUG] Comparing 'org.example.BasePage.elementClick' and 'org.example.BasePage.elementClick'
07-12-2021 13:13:06.293 [java] [DEBUG] Found {} tıkla in current project scope.
07-12-2021 13:13:06.294 [java] [DEBUG] Comparing 'org.example.BasePage.xpathControl' and 'org.example.BasePage.xpathControl'
07-12-2021 13:13:06.294 [java] [DEBUG] Found {} xpath kontrol in current project scope.
07-12-2021 13:13:06.294 [java] [DEBUG] Comparing 'org.example.BasePage.idControl' and 'org.example.BasePage.idControl'
07-12-2021 13:13:06.294 [java] [DEBUG] Found {} id kontrol in current project scope.
07-12-2021 13:13:06.294 [java] [DEBUG] Comparing 'org.example.BasePage.textControl' and 'org.example.BasePage.textControl'
07-12-2021 13:13:06.294 [java] [DEBUG] Found {} id'li element {} text değerini içeridiğini kontrol et in current project scope.
07-12-2021 13:13:06.294 [java] [DEBUG] Comparing 'org.example.BasePage.xpathClick' and 'org.example.BasePage.xpathClick'
07-12-2021 13:13:06.294 [java] [DEBUG] Found {} xpath tıkla in current project scope.
07-12-2021 13:13:06.295 [java] [DEBUG] Comparing 'org.example.BasePage.sendKeysbyid' and 'org.example.BasePage.sendKeysbyid'
07-12-2021 13:13:06.295 [java] [DEBUG] Found {} id'li elemente {} text değerini yaz in current project scope.
07-12-2021 13:13:06.295 [java] [DEBUG] Scanning packages for hooks
07-12-2021 13:13:06.310 [java] [DEBUG] Scanned steps (using static parsing + reflections): 
07-12-2021 13:13:06.311 [java] [DEBUG] 	{} tıkla : public void elementClick(String selectorid)
07-12-2021 13:13:06.311 [java] [DEBUG] 	{} saniye bekle : public void waitForsecond(ınt wait) throws InterruptedException
07-12-2021 13:13:06.311 [java] [DEBUG] 	{} xpath kontrol : public void xpathControl(String selectorid)
07-12-2021 13:13:06.311 [java] [DEBUG] 	{} id'li elemente {} text değerini yaz : public void sendKeysbyid(String id, String text)
07-12-2021 13:13:06.311 [java] [DEBUG] 	Scroll Yap : public void scroll()
07-12-2021 13:13:06.311 [java] [DEBUG] 	{} Random ürün seç : public void randomProduct(String xpath)
07-12-2021 13:13:06.311 [java] [DEBUG] 	{} id'li element {} text değerini içeridiğini kontrol et : public void textControl(String key, String keyword)
07-12-2021 13:13:06.311 [java] [DEBUG] 	{} xpath tıkla : public void xpathClick(String xpath)
07-12-2021 13:13:06.311 [java] [DEBUG] 	{} id kontrol : public void idControl(String key)
07-12-2021 13:13:09.084 [Gauge] [DEBUG] Validation completed.
07-12-2021 13:13:09.085 [java] [DEBUG] Killing Java runner...
07-12-2021 13:13:09.087 [java] [DEBUG] Stopping execution pool...
07-12-2021 13:13:09.087 [java] [DEBUG] Shutting down grpc server...
07-12-2021 13:13:09.095 [java] [DEBUG] Runner killed gracefully.
07-12-2021 13:13:09.796 [Gauge] [DEBUG] Runner with PID:23320 has exited
07-12-2021 13:13:09.796 [Gauge] [INFO] Updates are available. Run `gauge update -c` for more info.
07-12-2021 13:15:31.438 [Gauge] [DEBUG] Created gauge_screenshots_dir at C:\Users\testinium\IdeaProjects\ozdilekMobileDeneme\.gauge\screenshots
07-12-2021 13:15:31.443 [Gauge] [DEBUG] Plugin html-report is already installed.
07-12-2021 13:15:31.444 [Gauge] [DEBUG] Plugin java is already installed.
07-12-2021 13:15:31.446 [Gauge] [DEBUG] Parsing started.
07-12-2021 13:15:31.446 [Gauge] [DEBUG] Started concepts parsing.
07-12-2021 13:15:31.456 [Gauge] [ERROR] [ParseError] C:\Users\testinium\IdeaProjects\ozdilekMobileDeneme\specs\sayfalar.cpt:27 Circular reference found in concept. "Scroll Yap" => C:\Users\testinium\IdeaProjects\ozdilekMobileDeneme\specs\sayfalar.cpt:25 => 'Scroll Yap'
07-12-2021 13:15:31.456 [Gauge] [ERROR] [ParseError] C:\Users\testinium\IdeaProjects\ozdilekMobileDeneme\specs\sayfalar.cpt:25 Circular reference found in concept. "Scroll Yap" => C:\Users\testinium\IdeaProjects\ozdilekMobileDeneme\specs\sayfalar.cpt:27 => 'Scroll Yap'
07-12-2021 13:15:31.456 [Gauge] [DEBUG] 15 concepts parsing completed.
07-12-2021 13:15:31.456 [Gauge] [DEBUG] Started specifications parsing.
07-12-2021 13:15:31.457 [Gauge] [DEBUG] 1 specifications parsing completed.
07-12-2021 13:15:31.457 [Gauge] [DEBUG] Parsing completed.
07-12-2021 13:15:31.500 [java] [DEBUG] ***** Printing Properties/Env Values *****
07-12-2021 13:15:31.500 [java] [DEBUG] PATH: C:\Program Files (x86)\VMware\VMware Player\bin\;C:\Windows\system32;C:\Windows;C:\Windows\System32\Wbem;C:\Windows\System32\WindowsPowerShell\v1.0\;C:\Windows\System32\OpenSSH\;C:\Program Files\NVIDIA Corporation\NVIDIA NvDLISR;C:\WINDOWS\system32;C:\WINDOWS;C:\WINDOWS\System32\Wbem;C:\WINDOWS\System32\WindowsPowerShell\v1.0\;C:\WINDOWS\System32\OpenSSH\;C:\Program Files (x86)\AOMEI\AOMEI Backupper\6.7.0;C:\Program Files (x86)\Microsoft SQL Server\150\DTS\Binn\;C:\Program Files\Azure Data Studio\bin;C:\Program Files\Microsoft SQL Server\Client SDK\ODBC\170\Tools\Binn\;C:\Program Files (x86)\Microsoft SQL Server\150\Tools\Binn\;C:\Program Files\Microsoft SQL Server\150\Tools\Binn\;C:\Program Files\Microsoft SQL Server\150\DTS\Binn\;C:\Program Files\Git\cmd;C:\Program Files\Gauge\bin;C:\Program Files\nodejs\;C:\JavaLib\apache-maven-3.6.3\bin;C:\Users\testinium\AppData\Local\Android\Sdk\platform-tools;C:\Users\testinium\AppData\Local\Android\Sdk\tools;C:\Users\testinium\AppData\Local\Android\Sdk\build-tools;C:\Program Files\Java\jdk1.8.0_281\bin;C:\Program Files (x86)\Micro Focus\Unified Functional Testing\bin;C:\Users\testinium\AppData\Local\Microsoft\WindowsApps;C:\Program Files\Azure Data Studio\bin;C:\Users\testinium\AppData\Roaming\npm;C:\Program Files\Java\jdk1.8.0_281;C:\JavaLib\apache-maven-3.6.3\bin;";%!A(MISSING)NDROID_HOME\platform-tools%!"(MISSING);";%!A(MISSING)NDROID_HOME\tools%!"(MISSING);";%!A(MISSING)NDROID_HOME\build-tools%!"(MISSING);C:\Users\testinium\AppData\Local\Programs\Microsoft VS Code\bin;;C:\Users\testinium\AppData\Roaming\gauge\plugins\screenshot\0.1.0
07-12-2021 13:15:31.500 [java] [DEBUG] JAVA_HOME: C:\Program Files\Java\jdk1.8.0_281
07-12-2021 13:15:31.500 [java] [DEBUG] gauge_project_root: C:\Users\testinium\IdeaProjects\ozdilekMobileDeneme
07-12-2021 13:15:31.500 [java] [DEBUG] gauge_parallel_streams_count: 
07-12-2021 13:15:31.500 [java] [DEBUG] gauge_reports_dir: reports
07-12-2021 13:15:31.500 [java] [DEBUG] overwrite_reports: true
07-12-2021 13:15:31.500 [java] [DEBUG] logs_directory: log
07-12-2021 13:15:31.500 [java] [DEBUG] enable_multithreading: false
07-12-2021 13:15:31.500 [java] [DEBUG] gauge_specs_dir: specs
07-12-2021 13:15:31.500 [java] [DEBUG] csv_delimiter: ,
07-12-2021 13:15:31.500 [java] [DEBUG] gauge_java_home: 
07-12-2021 13:15:31.500 [java] [DEBUG] gauge_custom_build_path: 
07-12-2021 13:15:31.500 [java] [DEBUG] gauge_additional_libs: libs/*
07-12-2021 13:15:31.500 [java] [DEBUG] gauge_jvm_args: 
07-12-2021 13:15:31.500 [java] [DEBUG] gauge_custom_compile_dir: 
07-12-2021 13:15:31.500 [java] [DEBUG] gauge_clear_state_level: scenario
07-12-2021 13:15:31.500 [java] [DEBUG] ***** END *****
07-12-2021 13:15:31.904 [Gauge] [DEBUG] Checking updates...
07-12-2021 13:15:31.907 [Gauge] [DEBUG] Downloading https://downloads.gauge.org/plugin/html-report?l=java&p=html-report,java,screenshot,spectacle,xml-report&o=windows&a=386
07-12-2021 13:15:32.328 [Gauge] [DEBUG] Downloading https://downloads.gauge.org/plugin/java?l=java&p=html-report,java,screenshot,spectacle,xml-report&o=windows&a=386
07-12-2021 13:15:32.489 [Gauge] [DEBUG] Downloading https://downloads.gauge.org/plugin/screenshot?l=java&p=html-report,java,screenshot,spectacle,xml-report&o=windows&a=386
07-12-2021 13:15:32.709 [Gauge] [DEBUG] Downloading https://downloads.gauge.org/plugin/spectacle?l=java&p=html-report,java,screenshot,spectacle,xml-report&o=windows&a=386
07-12-2021 13:15:32.906 [Gauge] [DEBUG] Downloading https://downloads.gauge.org/plugin/xml-report?l=java&p=html-report,java,screenshot,spectacle,xml-report&o=windows&a=386
07-12-2021 13:15:36.257 [java] [DEBUG] classpath set to C:\Program Files\Java\jdk1.8.0_202\jre\lib\charsets.jar;C:\Program Files\Java\jdk1.8.0_202\jre\lib\deploy.jar;C:\Program Files\Java\jdk1.8.0_202\jre\lib\ext\access-bridge-64.jar;C:\Program Files\Java\jdk1.8.0_202\jre\lib\ext\cldrdata.jar;C:\Program Files\Java\jdk1.8.0_202\jre\lib\ext\dnsns.jar;C:\Program Files\Java\jdk1.8.0_202\jre\lib\ext\jaccess.jar;C:\Program Files\Java\jdk1.8.0_202\jre\lib\ext\jfxrt.jar;C:\Program Files\Java\jdk1.8.0_202\jre\lib\ext\localedata.jar;C:\Program Files\Java\jdk1.8.0_202\jre\lib\ext\nashorn.jar;C:\Program Files\Java\jdk1.8.0_202\jre\lib\ext\sunec.jar;C:\Program Files\Java\jdk1.8.0_202\jre\lib\ext\sunjce_provider.jar;C:\Program Files\Java\jdk1.8.0_202\jre\lib\ext\sunmscapi.jar;C:\Program Files\Java\jdk1.8.0_202\jre\lib\ext\sunpkcs11.jar;C:\Program Files\Java\jdk1.8.0_202\jre\lib\ext\zipfs.jar;C:\Program Files\Java\jdk1.8.0_202\jre\lib\javaws.jar;C:\Program Files\Java\jdk1.8.0_202\jre\lib\jce.jar;C:\Program Files\Java\jdk1.8.0_202\jre\lib\jfr.jar;C:\Program Files\Java\jdk1.8.0_202\jre\lib\jfxswt.jar;C:\Program Files\Java\jdk1.8.0_202\jre\lib\jsse.jar;C:\Program Files\Java\jdk1.8.0_202\jre\lib\management-agent.jar;C:\Program Files\Java\jdk1.8.0_202\jre\lib\plugin.jar;C:\Program Files\Java\jdk1.8.0_202\jre\lib\resources.jar;C:\Program Files\Java\jdk1.8.0_202\jre\lib\rt.jar;C:\Users\testinium\IdeaProjects\ozdilekMobileDeneme\target\test-classes;C:\Users\testinium\.m2\repository\junit\junit\4.12\junit-4.12.jar;C:\Users\testinium\.m2\repository\org\hamcrest\hamcrest-core\1.3\hamcrest-core-1.3.jar;C:\Users\testinium\.m2\repository\com\thoughtworks\gauge\gauge-java\0.7.15\gauge-java-0.7.15.jar;C:\Users\testinium\.m2\repository\org\assertj\assertj-core\3.19.0\assertj-core-3.19.0.jar;C:\Users\testinium\.m2\repository\org\reflections\reflections\0.9.9\reflections-0.9.9.jar;C:\Users\testinium\.m2\repository\org\javassist\javassist\3.18.2-GA\javassist-3.18.2-GA.jar;C:\Users\testinium\.m2\repository\com\google\code\findbugs\annotations\2.0.1\annotations-2.0.1.jar;C:\Users\testinium\.m2\repository\com\github\javaparser\javaparser-core\3.16.3\javaparser-core-3.16.3.jar;C:\Users\testinium\.m2\repository\commons-io\commons-io\2.8.0\commons-io-2.8.0.jar;C:\Users\testinium\.m2\repository\commons-lang\commons-lang\2.6\commons-lang-2.6.jar;C:\Users\testinium\.m2\repository\org\json\json\20210307\json-20210307.jar;C:\Users\testinium\.m2\repository\com\google\protobuf\protobuf-java\3.15.8\protobuf-java-3.15.8.jar;C:\Users\testinium\.m2\repository\com\google\guava\guava\30.1.1-jre\guava-30.1.1-jre.jar;C:\Users\testinium\.m2\repository\com\google\guava\failureaccess\1.0.1\failureaccess-1.0.1.jar;C:\Users\testinium\.m2\repository\com\google\guava\listenablefuture\9999.0-empty-to-avoid-conflict-with-guava\listenablefuture-9999.0-empty-to-avoid-conflict-with-guava.jar;C:\Users\testinium\.m2\repository\com\google\code\findbugs\jsr305\3.0.2\jsr305-3.0.2.jar;C:\Users\testinium\.m2\repository\org\checkerframework\checker-qual\3.8.0\checker-qual-3.8.0.jar;C:\Users\testinium\.m2\repository\com\google\errorprone\error_prone_annotations\2.5.1\error_prone_annotations-2.5.1.jar;C:\Users\testinium\.m2\repository\com\google\j2objc\j2objc-annotations\1.3\j2objc-annotations-1.3.jar;C:\Users\testinium\.m2\repository\io\grpc\grpc-netty-shaded\1.37.0\grpc-netty-shaded-1.37.0.jar;C:\Users\testinium\.m2\repository\io\grpc\grpc-core\1.37.0\grpc-core-1.37.0.jar;C:\Users\testinium\.m2\repository\com\google\android\annotations\4.1.1.4\annotations-4.1.1.4.jar;C:\Users\testinium\.m2\repository\io\perfmark\perfmark-api\0.23.0\perfmark-api-0.23.0.jar;C:\Users\testinium\.m2\repository\io\grpc\grpc-protobuf\1.37.0\grpc-protobuf-1.37.0.jar;C:\Users\testinium\.m2\repository\io\grpc\grpc-api\1.37.0\grpc-api-1.37.0.jar;C:\Users\testinium\.m2\repository\io\grpc\grpc-context\1.37.0\grpc-context-1.37.0.jar;C:\Users\testinium\.m2\repository\com\google\api\grpc\proto-google-common-protos\2.0.1\proto-google-common-protos-2.0.1.jar;C:\Users\testinium\.m2\repository\io\grpc\grpc-protobuf-lite\1.37.0\grpc-protobuf-lite-1.37.0.jar;C:\Users\testinium\.m2\repository\org\codehaus\mojo\animal-sniffer-annotations\1.19\animal-sniffer-annotations-1.19.jar;C:\Users\testinium\.m2\repository\io\grpc\grpc-stub\1.37.0\grpc-stub-1.37.0.jar;C:\Users\testinium\.m2\repository\javax\annotation\javax.annotation-api\1.3.2\javax.annotation-api-1.3.2.jar;C:\Users\testinium\.m2\repository\io\appium\java-client\7.3.0\java-client-7.3.0.jar;C:\Users\testinium\.m2\repository\org\seleniumhq\selenium\selenium-java\3.141.59\selenium-java-3.141.59.jar;C:\Users\testinium\.m2\repository\org\seleniumhq\selenium\selenium-chrome-driver\3.141.59\selenium-chrome-driver-3.141.59.jar;C:\Users\testinium\.m2\repository\org\seleniumhq\selenium\selenium-edge-driver\3.141.59\selenium-edge-driver-3.141.59.jar;C:\Users\testinium\.m2\repository\org\seleniumhq\selenium\selenium-firefox-driver\3.141.59\selenium-firefox-driver-3.141.59.jar;C:\Users\testinium\.m2\repository\org\seleniumhq\selenium\selenium-ie-driver\3.141.59\selenium-ie-driver-3.141.59.jar;C:\Users\testinium\.m2\repository\org\seleniumhq\selenium\selenium-opera-driver\3.141.59\selenium-opera-driver-3.141.59.jar;C:\Users\testinium\.m2\repository\org\seleniumhq\selenium\selenium-remote-driver\3.141.59\selenium-remote-driver-3.141.59.jar;C:\Users\testinium\.m2\repository\org\seleniumhq\selenium\selenium-safari-driver\3.141.59\selenium-safari-driver-3.141.59.jar;C:\Users\testinium\.m2\repository\net\bytebuddy\byte-buddy\1.8.15\byte-buddy-1.8.15.jar;C:\Users\testinium\.m2\repository\org\apache\commons\commons-exec\1.3\commons-exec-1.3.jar;C:\Users\testinium\.m2\repository\com\squareup\okhttp3\okhttp\3.11.0\okhttp-3.11.0.jar;C:\Users\testinium\.m2\repository\com\squareup\okio\okio\1.14.0\okio-1.14.0.jar;C:\Users\testinium\.m2\repository\org\seleniumhq\selenium\selenium-support\3.141.59\selenium-support-3.141.59.jar;C:\Users\testinium\.m2\repository\org\seleniumhq\selenium\selenium-api\3.141.59\selenium-api-3.141.59.jar;C:\Users\testinium\.m2\repository\com\google\code\gson\gson\2.8.5\gson-2.8.5.jar;C:\Users\testinium\.m2\repository\org\apache\httpcomponents\httpclient\4.5.9\httpclient-4.5.9.jar;C:\Users\testinium\.m2\repository\org\apache\httpcomponents\httpcore\4.4.11\httpcore-4.4.11.jar;C:\Users\testinium\.m2\repository\commons-logging\commons-logging\1.2\commons-logging-1.2.jar;C:\Users\testinium\.m2\repository\commons-codec\commons-codec\1.11\commons-codec-1.11.jar;C:\Users\testinium\.m2\repository\cglib\cglib\3.2.12\cglib-3.2.12.jar;C:\Users\testinium\.m2\repository\org\ow2\asm\asm\7.1\asm-7.1.jar;C:\Users\testinium\.m2\repository\commons-validator\commons-validator\1.6\commons-validator-1.6.jar;C:\Users\testinium\.m2\repository\commons-beanutils\commons-beanutils\1.9.2\commons-beanutils-1.9.2.jar;C:\Users\testinium\.m2\repository\commons-digester\commons-digester\1.8.1\commons-digester-1.8.1.jar;C:\Users\testinium\.m2\repository\commons-collections\commons-collections\3.2.2\commons-collections-3.2.2.jar;C:\Users\testinium\.m2\repository\org\apache\commons\commons-lang3\3.9\commons-lang3-3.9.jar;C:\Users\testinium\.m2\repository\org\springframework\spring-context\5.1.8.RELEASE\spring-context-5.1.8.RELEASE.jar;C:\Users\testinium\.m2\repository\org\springframework\spring-aop\5.1.8.RELEASE\spring-aop-5.1.8.RELEASE.jar;C:\Users\testinium\.m2\repository\org\springframework\spring-beans\5.1.8.RELEASE\spring-beans-5.1.8.RELEASE.jar;C:\Users\testinium\.m2\repository\org\springframework\spring-core\5.1.8.RELEASE\spring-core-5.1.8.RELEASE.jar;C:\Users\testinium\.m2\repository\org\springframework\spring-jcl\5.1.8.RELEASE\spring-jcl-5.1.8.RELEASE.jar;C:\Users\testinium\.m2\repository\org\springframework\spring-expression\5.1.8.RELEASE\spring-expression-5.1.8.RELEASE.jar;C:\Users\testinium\.m2\repository\org\aspectj\aspectjweaver\1.9.4\aspectjweaver-1.9.4.jar;C:\Users\testinium\.m2\repository\org\slf4j\slf4j-api\1.7.26\slf4j-api-1.7.26.jar;C:\Users\testinium\.m2\repository\log4j\log4j\1.2.17\log4j-1.2.17.jar
07-12-2021 13:15:36.304 [java] [DEBUG] found java executable in C:\Program Files\Java\jdk1.8.0_281\jre\bin\java.exe
07-12-2021 13:15:36.304 [java] [DEBUG] running - C:\Program Files\Java\jdk1.8.0_281\jre\bin\java.exe [-Dfile.encoding=UTF-8 com.thoughtworks.gauge.GaugeRuntime --start]
07-12-2021 13:15:36.304 [java] [DEBUG] stdout/stderr is logged to log\15704-java.exe.out
07-12-2021 13:15:36.675 [java] [DEBUG] multithreading is set to false
07-12-2021 13:15:37.120 [java] [DEBUG] Using reflection to scan dependencies for gauge implementations...
07-12-2021 13:15:37.931 [java] [DEBUG] gauge-java took 1256milliseconds to load and scan. This should be less than 'runner_connection_timeout' config value.
07-12-2021 13:15:37.931 [java] [DEBUG] run 'gauge config runner_connection_timeout' and verify that it is < 1256
07-12-2021 13:15:37.931 [java] [DEBUG] starting gRPC server...
07-12-2021 13:15:38.633 [java] [DEBUG] started gRPC server on port 49398
07-12-2021 13:15:38.633 [Gauge] [DEBUG] Attempting to connect to grpc server at port: 49398
07-12-2021 13:15:38.856 [Gauge] [DEBUG] Successfully made the connection with runner with port: 49398
07-12-2021 13:15:38.856 [Gauge] [DEBUG] Validation started.
07-12-2021 13:15:41.943 [java] [DEBUG] Scanning packages for steps
07-12-2021 13:15:42.008 [java] [DEBUG] Comparing 'org.example.BasePage.randomProduct' and 'org.example.BasePage.randomProduct'
07-12-2021 13:15:42.009 [java] [DEBUG] Found {} Random ürün seç in current project scope.
07-12-2021 13:15:42.009 [java] [DEBUG] Comparing 'org.example.BasePage.waitForsecond' and 'org.example.BasePage.waitForsecond'
07-12-2021 13:15:42.009 [java] [DEBUG] Found {} saniye bekle in current project scope.
07-12-2021 13:15:42.009 [java] [DEBUG] Comparing 'org.example.BasePage.scroll' and 'org.example.BasePage.scroll'
07-12-2021 13:15:42.009 [java] [DEBUG] Found Scroll Yap in current project scope.
07-12-2021 13:15:42.009 [java] [DEBUG] Comparing 'org.example.BasePage.elementClick' and 'org.example.BasePage.elementClick'
07-12-2021 13:15:42.009 [java] [DEBUG] Found {} tıkla in current project scope.
07-12-2021 13:15:42.010 [java] [DEBUG] Comparing 'org.example.BasePage.xpathControl' and 'org.example.BasePage.xpathControl'
07-12-2021 13:15:42.010 [java] [DEBUG] Found {} xpath kontrol in current project scope.
07-12-2021 13:15:42.011 [java] [DEBUG] Comparing 'org.example.BasePage.idControl' and 'org.example.BasePage.idControl'
07-12-2021 13:15:42.011 [java] [DEBUG] Found {} id kontrol in current project scope.
07-12-2021 13:15:42.011 [java] [DEBUG] Comparing 'org.example.BasePage.textControl' and 'org.example.BasePage.textControl'
07-12-2021 13:15:42.011 [java] [DEBUG] Found {} id'li element {} text değerini içeridiğini kontrol et in current project scope.
07-12-2021 13:15:42.011 [java] [DEBUG] Comparing 'org.example.BasePage.xpathClick' and 'org.example.BasePage.xpathClick'
07-12-2021 13:15:42.011 [java] [DEBUG] Found {} xpath tıkla in current project scope.
07-12-2021 13:15:42.011 [java] [DEBUG] Comparing 'org.example.BasePage.sendKeysbyid' and 'org.example.BasePage.sendKeysbyid'
07-12-2021 13:15:42.011 [java] [DEBUG] Found {} id'li elemente {} text değerini yaz in current project scope.
07-12-2021 13:15:42.011 [java] [DEBUG] Scanning packages for hooks
07-12-2021 13:15:42.030 [java] [DEBUG] Scanned steps (using static parsing + reflections): 
07-12-2021 13:15:42.030 [java] [DEBUG] 	{} tıkla : public void elementClick(String selectorid)
07-12-2021 13:15:42.031 [java] [DEBUG] 	{} saniye bekle : public void waitForsecond(ınt wait) throws InterruptedException
07-12-2021 13:15:42.031 [java] [DEBUG] 	{} xpath kontrol : public void xpathControl(String selectorid)
07-12-2021 13:15:42.031 [java] [DEBUG] 	{} id'li elemente {} text değerini yaz : public void sendKeysbyid(String id, String text)
07-12-2021 13:15:42.031 [java] [DEBUG] 	Scroll Yap : public void scroll()
07-12-2021 13:15:42.031 [java] [DEBUG] 	{} Random ürün seç : public void randomProduct(String xpath)
07-12-2021 13:15:42.031 [java] [DEBUG] 	{} id'li element {} text değerini içeridiğini kontrol et : public void textControl(String key, String keyword)
07-12-2021 13:15:42.031 [java] [DEBUG] 	{} xpath tıkla : public void xpathClick(String xpath)
07-12-2021 13:15:42.031 [java] [DEBUG] 	{} id kontrol : public void idControl(String key)
07-12-2021 13:15:48.199 [Gauge] [DEBUG] Validation completed.
07-12-2021 13:15:48.202 [java] [DEBUG] Killing Java runner...
07-12-2021 13:15:48.203 [java] [DEBUG] Stopping execution pool...
07-12-2021 13:15:48.204 [java] [DEBUG] Shutting down grpc server...
07-12-2021 13:15:48.213 [java] [DEBUG] Runner killed gracefully.
07-12-2021 13:15:48.912 [Gauge] [DEBUG] Runner with PID:15704 has exited
07-12-2021 13:15:48.914 [Gauge] [INFO] Updates are available. Run `gauge update -c` for more info.
07-12-2021 13:16:44.621 [Gauge] [DEBUG] Created gauge_screenshots_dir at C:\Users\testinium\IdeaProjects\ozdilekMobileDeneme\.gauge\screenshots
07-12-2021 13:16:44.644 [Gauge] [DEBUG] Plugin java is already installed.
07-12-2021 13:16:44.644 [Gauge] [DEBUG] Plugin html-report is already installed.
07-12-2021 13:16:44.648 [Gauge] [DEBUG] Parsing started.
07-12-2021 13:16:44.648 [Gauge] [DEBUG] Started concepts parsing.
07-12-2021 13:16:44.657 [Gauge] [DEBUG] 16 concepts parsing completed.
07-12-2021 13:16:44.658 [Gauge] [DEBUG] Started specifications parsing.
07-12-2021 13:16:44.659 [Gauge] [DEBUG] 1 specifications parsing completed.
07-12-2021 13:16:44.659 [Gauge] [DEBUG] Parsing completed.
07-12-2021 13:16:44.694 [java] [DEBUG] ***** Printing Properties/Env Values *****
07-12-2021 13:16:44.694 [java] [DEBUG] PATH: C:\Program Files (x86)\VMware\VMware Player\bin\;C:\Windows\system32;C:\Windows;C:\Windows\System32\Wbem;C:\Windows\System32\WindowsPowerShell\v1.0\;C:\Windows\System32\OpenSSH\;C:\Program Files\NVIDIA Corporation\NVIDIA NvDLISR;C:\WINDOWS\system32;C:\WINDOWS;C:\WINDOWS\System32\Wbem;C:\WINDOWS\System32\WindowsPowerShell\v1.0\;C:\WINDOWS\System32\OpenSSH\;C:\Program Files (x86)\AOMEI\AOMEI Backupper\6.7.0;C:\Program Files (x86)\Microsoft SQL Server\150\DTS\Binn\;C:\Program Files\Azure Data Studio\bin;C:\Program Files\Microsoft SQL Server\Client SDK\ODBC\170\Tools\Binn\;C:\Program Files (x86)\Microsoft SQL Server\150\Tools\Binn\;C:\Program Files\Microsoft SQL Server\150\Tools\Binn\;C:\Program Files\Microsoft SQL Server\150\DTS\Binn\;C:\Program Files\Git\cmd;C:\Program Files\Gauge\bin;C:\Program Files\nodejs\;C:\JavaLib\apache-maven-3.6.3\bin;C:\Users\testinium\AppData\Local\Android\Sdk\platform-tools;C:\Users\testinium\AppData\Local\Android\Sdk\tools;C:\Users\testinium\AppData\Local\Android\Sdk\build-tools;C:\Program Files\Java\jdk1.8.0_281\bin;C:\Program Files (x86)\Micro Focus\Unified Functional Testing\bin;C:\Users\testinium\AppData\Local\Microsoft\WindowsApps;C:\Program Files\Azure Data Studio\bin;C:\Users\testinium\AppData\Roaming\npm;C:\Program Files\Java\jdk1.8.0_281;C:\JavaLib\apache-maven-3.6.3\bin;";%!A(MISSING)NDROID_HOME\platform-tools%!"(MISSING);";%!A(MISSING)NDROID_HOME\tools%!"(MISSING);";%!A(MISSING)NDROID_HOME\build-tools%!"(MISSING);C:\Users\testinium\AppData\Local\Programs\Microsoft VS Code\bin;;C:\Users\testinium\AppData\Roaming\gauge\plugins\screenshot\0.1.0
07-12-2021 13:16:44.694 [java] [DEBUG] JAVA_HOME: C:\Program Files\Java\jdk1.8.0_281
07-12-2021 13:16:44.694 [java] [DEBUG] gauge_project_root: C:\Users\testinium\IdeaProjects\ozdilekMobileDeneme
07-12-2021 13:16:44.694 [java] [DEBUG] gauge_parallel_streams_count: 
07-12-2021 13:16:44.694 [java] [DEBUG] gauge_reports_dir: reports
07-12-2021 13:16:44.694 [java] [DEBUG] overwrite_reports: true
07-12-2021 13:16:44.694 [java] [DEBUG] logs_directory: log
07-12-2021 13:16:44.694 [java] [DEBUG] enable_multithreading: false
07-12-2021 13:16:44.694 [java] [DEBUG] gauge_specs_dir: specs
07-12-2021 13:16:44.694 [java] [DEBUG] csv_delimiter: ,
07-12-2021 13:16:44.694 [java] [DEBUG] gauge_java_home: 
07-12-2021 13:16:44.694 [java] [DEBUG] gauge_custom_build_path: 
07-12-2021 13:16:44.694 [java] [DEBUG] gauge_additional_libs: libs/*
07-12-2021 13:16:44.694 [java] [DEBUG] gauge_jvm_args: 
07-12-2021 13:16:44.694 [java] [DEBUG] gauge_custom_compile_dir: 
07-12-2021 13:16:44.694 [java] [DEBUG] gauge_clear_state_level: scenario
07-12-2021 13:16:44.694 [java] [DEBUG] ***** END *****
07-12-2021 13:16:44.997 [Gauge] [DEBUG] Checking updates...
07-12-2021 13:16:45.000 [Gauge] [DEBUG] Downloading https://downloads.gauge.org/plugin/html-report?l=java&p=html-report,java,screenshot,spectacle,xml-report&o=windows&a=386
07-12-2021 13:16:45.372 [Gauge] [DEBUG] Downloading https://downloads.gauge.org/plugin/java?l=java&p=html-report,java,screenshot,spectacle,xml-report&o=windows&a=386
07-12-2021 13:16:45.521 [Gauge] [DEBUG] Downloading https://downloads.gauge.org/plugin/screenshot?l=java&p=html-report,java,screenshot,spectacle,xml-report&o=windows&a=386
07-12-2021 13:16:45.694 [Gauge] [DEBUG] Downloading https://downloads.gauge.org/plugin/spectacle?l=java&p=html-report,java,screenshot,spectacle,xml-report&o=windows&a=386
07-12-2021 13:16:45.895 [Gauge] [DEBUG] Downloading https://downloads.gauge.org/plugin/xml-report?l=java&p=html-report,java,screenshot,spectacle,xml-report&o=windows&a=386
07-12-2021 13:16:49.177 [java] [DEBUG] classpath set to C:\Program Files\Java\jdk1.8.0_202\jre\lib\charsets.jar;C:\Program Files\Java\jdk1.8.0_202\jre\lib\deploy.jar;C:\Program Files\Java\jdk1.8.0_202\jre\lib\ext\access-bridge-64.jar;C:\Program Files\Java\jdk1.8.0_202\jre\lib\ext\cldrdata.jar;C:\Program Files\Java\jdk1.8.0_202\jre\lib\ext\dnsns.jar;C:\Program Files\Java\jdk1.8.0_202\jre\lib\ext\jaccess.jar;C:\Program Files\Java\jdk1.8.0_202\jre\lib\ext\jfxrt.jar;C:\Program Files\Java\jdk1.8.0_202\jre\lib\ext\localedata.jar;C:\Program Files\Java\jdk1.8.0_202\jre\lib\ext\nashorn.jar;C:\Program Files\Java\jdk1.8.0_202\jre\lib\ext\sunec.jar;C:\Program Files\Java\jdk1.8.0_202\jre\lib\ext\sunjce_provider.jar;C:\Program Files\Java\jdk1.8.0_202\jre\lib\ext\sunmscapi.jar;C:\Program Files\Java\jdk1.8.0_202\jre\lib\ext\sunpkcs11.jar;C:\Program Files\Java\jdk1.8.0_202\jre\lib\ext\zipfs.jar;C:\Program Files\Java\jdk1.8.0_202\jre\lib\javaws.jar;C:\Program Files\Java\jdk1.8.0_202\jre\lib\jce.jar;C:\Program Files\Java\jdk1.8.0_202\jre\lib\jfr.jar;C:\Program Files\Java\jdk1.8.0_202\jre\lib\jfxswt.jar;C:\Program Files\Java\jdk1.8.0_202\jre\lib\jsse.jar;C:\Program Files\Java\jdk1.8.0_202\jre\lib\management-agent.jar;C:\Program Files\Java\jdk1.8.0_202\jre\lib\plugin.jar;C:\Program Files\Java\jdk1.8.0_202\jre\lib\resources.jar;C:\Program Files\Java\jdk1.8.0_202\jre\lib\rt.jar;C:\Users\testinium\IdeaProjects\ozdilekMobileDeneme\target\test-classes;C:\Users\testinium\.m2\repository\junit\junit\4.12\junit-4.12.jar;C:\Users\testinium\.m2\repository\org\hamcrest\hamcrest-core\1.3\hamcrest-core-1.3.jar;C:\Users\testinium\.m2\repository\com\thoughtworks\gauge\gauge-java\0.7.15\gauge-java-0.7.15.jar;C:\Users\testinium\.m2\repository\org\assertj\assertj-core\3.19.0\assertj-core-3.19.0.jar;C:\Users\testinium\.m2\repository\org\reflections\reflections\0.9.9\reflections-0.9.9.jar;C:\Users\testinium\.m2\repository\org\javassist\javassist\3.18.2-GA\javassist-3.18.2-GA.jar;C:\Users\testinium\.m2\repository\com\google\code\findbugs\annotations\2.0.1\annotations-2.0.1.jar;C:\Users\testinium\.m2\repository\com\github\javaparser\javaparser-core\3.16.3\javaparser-core-3.16.3.jar;C:\Users\testinium\.m2\repository\commons-io\commons-io\2.8.0\commons-io-2.8.0.jar;C:\Users\testinium\.m2\repository\commons-lang\commons-lang\2.6\commons-lang-2.6.jar;C:\Users\testinium\.m2\repository\org\json\json\20210307\json-20210307.jar;C:\Users\testinium\.m2\repository\com\google\protobuf\protobuf-java\3.15.8\protobuf-java-3.15.8.jar;C:\Users\testinium\.m2\repository\com\google\guava\guava\30.1.1-jre\guava-30.1.1-jre.jar;C:\Users\testinium\.m2\repository\com\google\guava\failureaccess\1.0.1\failureaccess-1.0.1.jar;C:\Users\testinium\.m2\repository\com\google\guava\listenablefuture\9999.0-empty-to-avoid-conflict-with-guava\listenablefuture-9999.0-empty-to-avoid-conflict-with-guava.jar;C:\Users\testinium\.m2\repository\com\google\code\findbugs\jsr305\3.0.2\jsr305-3.0.2.jar;C:\Users\testinium\.m2\repository\org\checkerframework\checker-qual\3.8.0\checker-qual-3.8.0.jar;C:\Users\testinium\.m2\repository\com\google\errorprone\error_prone_annotations\2.5.1\error_prone_annotations-2.5.1.jar;C:\Users\testinium\.m2\repository\com\google\j2objc\j2objc-annotations\1.3\j2objc-annotations-1.3.jar;C:\Users\testinium\.m2\repository\io\grpc\grpc-netty-shaded\1.37.0\grpc-netty-shaded-1.37.0.jar;C:\Users\testinium\.m2\repository\io\grpc\grpc-core\1.37.0\grpc-core-1.37.0.jar;C:\Users\testinium\.m2\repository\com\google\android\annotations\4.1.1.4\annotations-4.1.1.4.jar;C:\Users\testinium\.m2\repository\io\perfmark\perfmark-api\0.23.0\perfmark-api-0.23.0.jar;C:\Users\testinium\.m2\repository\io\grpc\grpc-protobuf\1.37.0\grpc-protobuf-1.37.0.jar;C:\Users\testinium\.m2\repository\io\grpc\grpc-api\1.37.0\grpc-api-1.37.0.jar;C:\Users\testinium\.m2\repository\io\grpc\grpc-context\1.37.0\grpc-context-1.37.0.jar;C:\Users\testinium\.m2\repository\com\google\api\grpc\proto-google-common-protos\2.0.1\proto-google-common-protos-2.0.1.jar;C:\Users\testinium\.m2\repository\io\grpc\grpc-protobuf-lite\1.37.0\grpc-protobuf-lite-1.37.0.jar;C:\Users\testinium\.m2\repository\org\codehaus\mojo\animal-sniffer-annotations\1.19\animal-sniffer-annotations-1.19.jar;C:\Users\testinium\.m2\repository\io\grpc\grpc-stub\1.37.0\grpc-stub-1.37.0.jar;C:\Users\testinium\.m2\repository\javax\annotation\javax.annotation-api\1.3.2\javax.annotation-api-1.3.2.jar;C:\Users\testinium\.m2\repository\io\appium\java-client\7.3.0\java-client-7.3.0.jar;C:\Users\testinium\.m2\repository\org\seleniumhq\selenium\selenium-java\3.141.59\selenium-java-3.141.59.jar;C:\Users\testinium\.m2\repository\org\seleniumhq\selenium\selenium-chrome-driver\3.141.59\selenium-chrome-driver-3.141.59.jar;C:\Users\testinium\.m2\repository\org\seleniumhq\selenium\selenium-edge-driver\3.141.59\selenium-edge-driver-3.141.59.jar;C:\Users\testinium\.m2\repository\org\seleniumhq\selenium\selenium-firefox-driver\3.141.59\selenium-firefox-driver-3.141.59.jar;C:\Users\testinium\.m2\repository\org\seleniumhq\selenium\selenium-ie-driver\3.141.59\selenium-ie-driver-3.141.59.jar;C:\Users\testinium\.m2\repository\org\seleniumhq\selenium\selenium-opera-driver\3.141.59\selenium-opera-driver-3.141.59.jar;C:\Users\testinium\.m2\repository\org\seleniumhq\selenium\selenium-remote-driver\3.141.59\selenium-remote-driver-3.141.59.jar;C:\Users\testinium\.m2\repository\org\seleniumhq\selenium\selenium-safari-driver\3.141.59\selenium-safari-driver-3.141.59.jar;C:\Users\testinium\.m2\repository\net\bytebuddy\byte-buddy\1.8.15\byte-buddy-1.8.15.jar;C:\Users\testinium\.m2\repository\org\apache\commons\commons-exec\1.3\commons-exec-1.3.jar;C:\Users\testinium\.m2\repository\com\squareup\okhttp3\okhttp\3.11.0\okhttp-3.11.0.jar;C:\Users\testinium\.m2\repository\com\squareup\okio\okio\1.14.0\okio-1.14.0.jar;C:\Users\testinium\.m2\repository\org\seleniumhq\selenium\selenium-support\3.141.59\selenium-support-3.141.59.jar;C:\Users\testinium\.m2\repository\org\seleniumhq\selenium\selenium-api\3.141.59\selenium-api-3.141.59.jar;C:\Users\testinium\.m2\repository\com\google\code\gson\gson\2.8.5\gson-2.8.5.jar;C:\Users\testinium\.m2\repository\org\apache\httpcomponents\httpclient\4.5.9\httpclient-4.5.9.jar;C:\Users\testinium\.m2\repository\org\apache\httpcomponents\httpcore\4.4.11\httpcore-4.4.11.jar;C:\Users\testinium\.m2\repository\commons-logging\commons-logging\1.2\commons-logging-1.2.jar;C:\Users\testinium\.m2\repository\commons-codec\commons-codec\1.11\commons-codec-1.11.jar;C:\Users\testinium\.m2\repository\cglib\cglib\3.2.12\cglib-3.2.12.jar;C:\Users\testinium\.m2\repository\org\ow2\asm\asm\7.1\asm-7.1.jar;C:\Users\testinium\.m2\repository\commons-validator\commons-validator\1.6\commons-validator-1.6.jar;C:\Users\testinium\.m2\repository\commons-beanutils\commons-beanutils\1.9.2\commons-beanutils-1.9.2.jar;C:\Users\testinium\.m2\repository\commons-digester\commons-digester\1.8.1\commons-digester-1.8.1.jar;C:\Users\testinium\.m2\repository\commons-collections\commons-collections\3.2.2\commons-collections-3.2.2.jar;C:\Users\testinium\.m2\repository\org\apache\commons\commons-lang3\3.9\commons-lang3-3.9.jar;C:\Users\testinium\.m2\repository\org\springframework\spring-context\5.1.8.RELEASE\spring-context-5.1.8.RELEASE.jar;C:\Users\testinium\.m2\repository\org\springframework\spring-aop\5.1.8.RELEASE\spring-aop-5.1.8.RELEASE.jar;C:\Users\testinium\.m2\repository\org\springframework\spring-beans\5.1.8.RELEASE\spring-beans-5.1.8.RELEASE.jar;C:\Users\testinium\.m2\repository\org\springframework\spring-core\5.1.8.RELEASE\spring-core-5.1.8.RELEASE.jar;C:\Users\testinium\.m2\repository\org\springframework\spring-jcl\5.1.8.RELEASE\spring-jcl-5.1.8.RELEASE.jar;C:\Users\testinium\.m2\repository\org\springframework\spring-expression\5.1.8.RELEASE\spring-expression-5.1.8.RELEASE.jar;C:\Users\testinium\.m2\repository\org\aspectj\aspectjweaver\1.9.4\aspectjweaver-1.9.4.jar;C:\Users\testinium\.m2\repository\org\slf4j\slf4j-api\1.7.26\slf4j-api-1.7.26.jar;C:\Users\testinium\.m2\repository\log4j\log4j\1.2.17\log4j-1.2.17.jar
07-12-2021 13:16:49.241 [java] [DEBUG] found java executable in C:\Program Files\Java\jdk1.8.0_281\jre\bin\java.exe
07-12-2021 13:16:49.241 [java] [DEBUG] running - C:\Program Files\Java\jdk1.8.0_281\jre\bin\java.exe [-Dfile.encoding=UTF-8 com.thoughtworks.gauge.GaugeRuntime --start]
07-12-2021 13:16:49.241 [java] [DEBUG] stdout/stderr is logged to log\11388-java.exe.out
07-12-2021 13:16:49.706 [java] [DEBUG] multithreading is set to false
07-12-2021 13:16:50.066 [java] [DEBUG] Using reflection to scan dependencies for gauge implementations...
07-12-2021 13:16:50.765 [java] [DEBUG] gauge-java took 1059milliseconds to load and scan. This should be less than 'runner_connection_timeout' config value.
07-12-2021 13:16:50.765 [java] [DEBUG] run 'gauge config runner_connection_timeout' and verify that it is < 1059
07-12-2021 13:16:50.765 [java] [DEBUG] starting gRPC server...
07-12-2021 13:16:51.410 [java] [DEBUG] started gRPC server on port 49894
07-12-2021 13:16:51.410 [Gauge] [DEBUG] Attempting to connect to grpc server at port: 49894
07-12-2021 13:16:51.555 [Gauge] [DEBUG] Successfully made the connection with runner with port: 49894
07-12-2021 13:16:51.555 [Gauge] [DEBUG] Validation started.
07-12-2021 13:16:53.659 [java] [DEBUG] Scanning packages for steps
07-12-2021 13:16:53.797 [java] [DEBUG] Comparing 'org.example.BasePage.randomProduct' and 'org.example.BasePage.randomProduct'
07-12-2021 13:16:53.797 [java] [DEBUG] Found {} Random ürün seç in current project scope.
07-12-2021 13:16:53.797 [java] [DEBUG] Comparing 'org.example.BasePage.waitForsecond' and 'org.example.BasePage.waitForsecond'
07-12-2021 13:16:53.797 [java] [DEBUG] Found {} saniye bekle in current project scope.
07-12-2021 13:16:53.797 [java] [DEBUG] Comparing 'org.example.BasePage.scroll' and 'org.example.BasePage.scroll'
07-12-2021 13:16:53.797 [java] [DEBUG] Found Scroll Yap in current project scope.
07-12-2021 13:16:53.797 [java] [DEBUG] Comparing 'org.example.BasePage.elementClick' and 'org.example.BasePage.elementClick'
07-12-2021 13:16:53.797 [java] [DEBUG] Found {} tıkla in current project scope.
07-12-2021 13:16:53.798 [java] [DEBUG] Comparing 'org.example.BasePage.xpathControl' and 'org.example.BasePage.xpathControl'
07-12-2021 13:16:53.798 [java] [DEBUG] Found {} xpath kontrol in current project scope.
07-12-2021 13:16:53.798 [java] [DEBUG] Comparing 'org.example.BasePage.idControl' and 'org.example.BasePage.idControl'
07-12-2021 13:16:53.798 [java] [DEBUG] Found {} id kontrol in current project scope.
07-12-2021 13:16:53.798 [java] [DEBUG] Comparing 'org.example.BasePage.textControl' and 'org.example.BasePage.textControl'
07-12-2021 13:16:53.798 [java] [DEBUG] Found {} id'li element {} text değerini içeridiğini kontrol et in current project scope.
07-12-2021 13:16:53.798 [java] [DEBUG] Comparing 'org.example.BasePage.xpathClick' and 'org.example.BasePage.xpathClick'
07-12-2021 13:16:53.798 [java] [DEBUG] Found {} xpath tıkla in current project scope.
07-12-2021 13:16:53.798 [java] [DEBUG] Comparing 'org.example.BasePage.sendKeysbyid' and 'org.example.BasePage.sendKeysbyid'
07-12-2021 13:16:53.798 [java] [DEBUG] Found {} id'li elemente {} text değerini yaz in current project scope.
07-12-2021 13:16:53.798 [java] [DEBUG] Scanning packages for hooks
07-12-2021 13:16:53.808 [java] [DEBUG] Scanned steps (using static parsing + reflections): 
07-12-2021 13:16:53.808 [java] [DEBUG] 	{} tıkla : public void elementClick(String selectorid)
07-12-2021 13:16:53.808 [java] [DEBUG] 	{} saniye bekle : public void waitForsecond(ınt wait) throws InterruptedException
07-12-2021 13:16:53.808 [java] [DEBUG] 	{} xpath kontrol : public void xpathControl(String selectorid)
07-12-2021 13:16:53.808 [java] [DEBUG] 	{} id'li elemente {} text değerini yaz : public void sendKeysbyid(String id, String text)
07-12-2021 13:16:53.808 [java] [DEBUG] 	Scroll Yap : public void scroll()
07-12-2021 13:16:53.809 [java] [DEBUG] 	{} Random ürün seç : public void randomProduct(String xpath)
07-12-2021 13:16:53.809 [java] [DEBUG] 	{} id'li element {} text değerini içeridiğini kontrol et : public void textControl(String key, String keyword)
07-12-2021 13:16:53.809 [java] [DEBUG] 	{} xpath tıkla : public void xpathClick(String xpath)
07-12-2021 13:16:53.809 [java] [DEBUG] 	{} id kontrol : public void idControl(String key)
07-12-2021 13:16:56.377 [Gauge] [DEBUG] Validation completed.
07-12-2021 13:16:56.380 [Gauge] [DEBUG] Run started
07-12-2021 13:16:56.381 [Gauge] [DEBUG] Starting Html Report plugin
07-12-2021 13:17:07.540 [Gauge] [DEBUG] Attempting to connect to grpc server at port: 49898
07-12-2021 13:17:07.541 [Gauge] [DEBUG] Successfully made the connection with plugin with port: 49898
07-12-2021 13:17:07.541 [Gauge] [DEBUG] Initialising suite data store.
07-12-2021 13:17:31.604 [java] [DEBUG] Executing '{} saniye bekle' using 'class org.example.BasePage.waitForsecond
07-12-2021 13:17:34.643 [java] [DEBUG] Executing '{} id kontrol' using 'class org.example.BasePage.idControl
07-12-2021 13:17:34.847 [java] [DEBUG] Executing '{} saniye bekle' using 'class org.example.BasePage.waitForsecond
07-12-2021 13:17:37.871 [java] [DEBUG] Executing '{} tıkla' using 'class org.example.BasePage.elementClick
07-12-2021 13:17:38.623 [java] [DEBUG] Executing '{} saniye bekle' using 'class org.example.BasePage.waitForsecond
07-12-2021 13:17:41.650 [java] [DEBUG] Executing '{} id kontrol' using 'class org.example.BasePage.idControl
07-12-2021 13:17:41.823 [java] [DEBUG] Executing '{} saniye bekle' using 'class org.example.BasePage.waitForsecond
07-12-2021 13:17:44.846 [java] [DEBUG] Executing '{} tıkla' using 'class org.example.BasePage.elementClick
07-12-2021 13:17:45.823 [java] [DEBUG] Executing '{} saniye bekle' using 'class org.example.BasePage.waitForsecond
07-12-2021 13:17:48.853 [java] [DEBUG] Executing '{} xpath kontrol' using 'class org.example.BasePage.xpathControl
07-12-2021 13:17:49.297 [java] [DEBUG] Executing '{} saniye bekle' using 'class org.example.BasePage.waitForsecond
07-12-2021 13:17:52.307 [java] [DEBUG] Executing '{} xpath tıkla' using 'class org.example.BasePage.xpathClick
07-12-2021 13:17:52.712 [java] [DEBUG] Executing '{} saniye bekle' using 'class org.example.BasePage.waitForsecond
07-12-2021 13:17:55.743 [java] [DEBUG] Executing '{} xpath tıkla' using 'class org.example.BasePage.xpathClick
07-12-2021 13:17:56.064 [java] [DEBUG] Executing '{} saniye bekle' using 'class org.example.BasePage.waitForsecond
07-12-2021 13:17:59.081 [java] [DEBUG] Executing 'Scroll Yap' using 'class org.example.BasePage.scroll
07-12-2021 13:18:01.294 [java] [DEBUG] Executing '{} saniye bekle' using 'class org.example.BasePage.waitForsecond
07-12-2021 13:18:04.307 [java] [DEBUG] Executing 'Scroll Yap' using 'class org.example.BasePage.scroll
07-12-2021 13:18:06.439 [java] [DEBUG] Executing '{} saniye bekle' using 'class org.example.BasePage.waitForsecond
07-12-2021 13:18:09.462 [java] [DEBUG] Executing '{} Random ürün seç' using 'class org.example.BasePage.randomProduct
07-12-2021 13:18:10.777 [java] [DEBUG] Executing '{} saniye bekle' using 'class org.example.BasePage.waitForsecond
07-12-2021 13:18:13.805 [java] [DEBUG] Executing '{} id kontrol' using 'class org.example.BasePage.idControl
07-12-2021 13:18:14.092 [java] [DEBUG] Executing '{} saniye bekle' using 'class org.example.BasePage.waitForsecond
07-12-2021 13:18:17.121 [java] [DEBUG] Executing '{} tıkla' using 'class org.example.BasePage.elementClick
07-12-2021 13:18:17.370 [java] [DEBUG] Executing '{} saniye bekle' using 'class org.example.BasePage.waitForsecond
07-12-2021 13:18:20.406 [java] [DEBUG] Executing '{} id kontrol' using 'class org.example.BasePage.idControl
07-12-2021 13:18:21.134 [java] [DEBUG] Executing '{} id'li elemente {} text değerini yaz' using 'class org.example.BasePage.sendKeysbyid
07-12-2021 13:18:21.269 [java] [DEBUG] Executing '{} id'li elemente {} text değerini yaz' using 'class org.example.BasePage.sendKeysbyid
07-12-2021 13:18:21.876 [java] [DEBUG] Executing '{} saniye bekle' using 'class org.example.BasePage.waitForsecond
07-12-2021 13:18:23.891 [java] [DEBUG] Executing '{} tıkla' using 'class org.example.BasePage.elementClick
07-12-2021 13:18:24.030 [java] [DEBUG] Executing '{} saniye bekle' using 'class org.example.BasePage.waitForsecond
07-12-2021 13:18:26.050 [java] [DEBUG] Executing '{} tıkla' using 'class org.example.BasePage.elementClick
07-12-2021 13:18:27.366 [html-report] [DEBUG] Transformed SuiteResult to report structure
07-12-2021 13:18:27.499 [html-report] [INFO] Successfully generated html-report to => C:\Users\testinium\IdeaProjects\ozdilekMobileDeneme\reports\html-report\index.html
07-12-2021 13:18:27.499 [html-report] [DEBUG] Done generating HTML report using theme from C:\Users\testinium\AppData\Roaming\gauge\plugins\html-report\4.0.12\themes\default
07-12-2021 13:18:27.499 [Gauge] [DEBUG] Sending kill message to Html Report plugin.
07-12-2021 13:18:27.504 [java] [DEBUG] Killing Java runner...
07-12-2021 13:18:27.504 [java] [DEBUG] Stopping execution pool...
07-12-2021 13:18:27.504 [java] [DEBUG] Shutting down grpc server...
07-12-2021 13:18:27.516 [java] [DEBUG] Runner killed gracefully.
07-12-2021 13:18:28.349 [Gauge] [DEBUG] Runner with PID:11388 has exited
07-12-2021 13:18:28.349 [Gauge] [INFO] Specifications:	1 executed	0 passed	1 failed	0 skipped
07-12-2021 13:18:28.349 [Gauge] [INFO] Scenarios:	1 executed	0 passed	1 failed	0 skipped
07-12-2021 13:18:28.349 [Gauge] [INFO] 
Total time taken: 1m30.982s
07-12-2021 13:18:28.350 [Gauge] [INFO] Updates are available. Run `gauge update -c` for more info.
07-12-2021 13:18:45.766 [Gauge] [DEBUG] Created gauge_screenshots_dir at C:\Users\testinium\IdeaProjects\ozdilekMobileDeneme\.gauge\screenshots
07-12-2021 13:18:45.768 [Gauge] [DEBUG] Plugin java is already installed.
07-12-2021 13:18:45.769 [Gauge] [DEBUG] Plugin html-report is already installed.
07-12-2021 13:18:45.770 [Gauge] [DEBUG] Parsing started.
07-12-2021 13:18:45.770 [Gauge] [DEBUG] Started concepts parsing.
07-12-2021 13:18:45.774 [Gauge] [DEBUG] 16 concepts parsing completed.
07-12-2021 13:18:45.774 [Gauge] [DEBUG] Started specifications parsing.
07-12-2021 13:18:45.775 [Gauge] [DEBUG] 1 specifications parsing completed.
07-12-2021 13:18:45.775 [Gauge] [DEBUG] Parsing completed.
07-12-2021 13:18:45.801 [java] [DEBUG] ***** Printing Properties/Env Values *****
07-12-2021 13:18:45.801 [java] [DEBUG] PATH: C:\Program Files (x86)\VMware\VMware Player\bin\;C:\Windows\system32;C:\Windows;C:\Windows\System32\Wbem;C:\Windows\System32\WindowsPowerShell\v1.0\;C:\Windows\System32\OpenSSH\;C:\Program Files\NVIDIA Corporation\NVIDIA NvDLISR;C:\WINDOWS\system32;C:\WINDOWS;C:\WINDOWS\System32\Wbem;C:\WINDOWS\System32\WindowsPowerShell\v1.0\;C:\WINDOWS\System32\OpenSSH\;C:\Program Files (x86)\AOMEI\AOMEI Backupper\6.7.0;C:\Program Files (x86)\Microsoft SQL Server\150\DTS\Binn\;C:\Program Files\Azure Data Studio\bin;C:\Program Files\Microsoft SQL Server\Client SDK\ODBC\170\Tools\Binn\;C:\Program Files (x86)\Microsoft SQL Server\150\Tools\Binn\;C:\Program Files\Microsoft SQL Server\150\Tools\Binn\;C:\Program Files\Microsoft SQL Server\150\DTS\Binn\;C:\Program Files\Git\cmd;C:\Program Files\Gauge\bin;C:\Program Files\nodejs\;C:\JavaLib\apache-maven-3.6.3\bin;C:\Users\testinium\AppData\Local\Android\Sdk\platform-tools;C:\Users\testinium\AppData\Local\Android\Sdk\tools;C:\Users\testinium\AppData\Local\Android\Sdk\build-tools;C:\Program Files\Java\jdk1.8.0_281\bin;C:\Program Files (x86)\Micro Focus\Unified Functional Testing\bin;C:\Users\testinium\AppData\Local\Microsoft\WindowsApps;C:\Program Files\Azure Data Studio\bin;C:\Users\testinium\AppData\Roaming\npm;C:\Program Files\Java\jdk1.8.0_281;C:\JavaLib\apache-maven-3.6.3\bin;";%!A(MISSING)NDROID_HOME\platform-tools%!"(MISSING);";%!A(MISSING)NDROID_HOME\tools%!"(MISSING);";%!A(MISSING)NDROID_HOME\build-tools%!"(MISSING);C:\Users\testinium\AppData\Local\Programs\Microsoft VS Code\bin;;C:\Users\testinium\AppData\Roaming\gauge\plugins\screenshot\0.1.0
07-12-2021 13:18:45.801 [java] [DEBUG] JAVA_HOME: C:\Program Files\Java\jdk1.8.0_281
07-12-2021 13:18:45.801 [java] [DEBUG] gauge_project_root: C:\Users\testinium\IdeaProjects\ozdilekMobileDeneme
07-12-2021 13:18:45.801 [java] [DEBUG] gauge_parallel_streams_count: 
07-12-2021 13:18:45.801 [java] [DEBUG] gauge_reports_dir: reports
07-12-2021 13:18:45.801 [java] [DEBUG] overwrite_reports: true
07-12-2021 13:18:45.801 [java] [DEBUG] logs_directory: log
07-12-2021 13:18:45.801 [java] [DEBUG] enable_multithreading: false
07-12-2021 13:18:45.801 [java] [DEBUG] gauge_specs_dir: specs
07-12-2021 13:18:45.801 [java] [DEBUG] csv_delimiter: ,
07-12-2021 13:18:45.801 [java] [DEBUG] gauge_java_home: 
07-12-2021 13:18:45.801 [java] [DEBUG] gauge_custom_build_path: 
07-12-2021 13:18:45.801 [java] [DEBUG] gauge_additional_libs: libs/*
07-12-2021 13:18:45.801 [java] [DEBUG] gauge_jvm_args: 
07-12-2021 13:18:45.801 [java] [DEBUG] gauge_custom_compile_dir: 
07-12-2021 13:18:45.801 [java] [DEBUG] gauge_clear_state_level: scenario
07-12-2021 13:18:45.801 [java] [DEBUG] ***** END *****
07-12-2021 13:18:46.042 [Gauge] [DEBUG] Checking updates...
07-12-2021 13:18:46.044 [Gauge] [DEBUG] Downloading https://downloads.gauge.org/plugin/html-report?l=java&p=html-report,java,screenshot,spectacle,xml-report&o=windows&a=386
07-12-2021 13:18:46.371 [Gauge] [DEBUG] Downloading https://downloads.gauge.org/plugin/java?l=java&p=html-report,java,screenshot,spectacle,xml-report&o=windows&a=386
07-12-2021 13:18:46.497 [Gauge] [DEBUG] Downloading https://downloads.gauge.org/plugin/screenshot?l=java&p=html-report,java,screenshot,spectacle,xml-report&o=windows&a=386
07-12-2021 13:18:46.662 [Gauge] [DEBUG] Downloading https://downloads.gauge.org/plugin/spectacle?l=java&p=html-report,java,screenshot,spectacle,xml-report&o=windows&a=386
07-12-2021 13:18:46.837 [Gauge] [DEBUG] Downloading https://downloads.gauge.org/plugin/xml-report?l=java&p=html-report,java,screenshot,spectacle,xml-report&o=windows&a=386
07-12-2021 13:18:49.932 [java] [DEBUG] classpath set to C:\Program Files\Java\jdk1.8.0_202\jre\lib\charsets.jar;C:\Program Files\Java\jdk1.8.0_202\jre\lib\deploy.jar;C:\Program Files\Java\jdk1.8.0_202\jre\lib\ext\access-bridge-64.jar;C:\Program Files\Java\jdk1.8.0_202\jre\lib\ext\cldrdata.jar;C:\Program Files\Java\jdk1.8.0_202\jre\lib\ext\dnsns.jar;C:\Program Files\Java\jdk1.8.0_202\jre\lib\ext\jaccess.jar;C:\Program Files\Java\jdk1.8.0_202\jre\lib\ext\jfxrt.jar;C:\Program Files\Java\jdk1.8.0_202\jre\lib\ext\localedata.jar;C:\Program Files\Java\jdk1.8.0_202\jre\lib\ext\nashorn.jar;C:\Program Files\Java\jdk1.8.0_202\jre\lib\ext\sunec.jar;C:\Program Files\Java\jdk1.8.0_202\jre\lib\ext\sunjce_provider.jar;C:\Program Files\Java\jdk1.8.0_202\jre\lib\ext\sunmscapi.jar;C:\Program Files\Java\jdk1.8.0_202\jre\lib\ext\sunpkcs11.jar;C:\Program Files\Java\jdk1.8.0_202\jre\lib\ext\zipfs.jar;C:\Program Files\Java\jdk1.8.0_202\jre\lib\javaws.jar;C:\Program Files\Java\jdk1.8.0_202\jre\lib\jce.jar;C:\Program Files\Java\jdk1.8.0_202\jre\lib\jfr.jar;C:\Program Files\Java\jdk1.8.0_202\jre\lib\jfxswt.jar;C:\Program Files\Java\jdk1.8.0_202\jre\lib\jsse.jar;C:\Program Files\Java\jdk1.8.0_202\jre\lib\management-agent.jar;C:\Program Files\Java\jdk1.8.0_202\jre\lib\plugin.jar;C:\Program Files\Java\jdk1.8.0_202\jre\lib\resources.jar;C:\Program Files\Java\jdk1.8.0_202\jre\lib\rt.jar;C:\Users\testinium\IdeaProjects\ozdilekMobileDeneme\target\test-classes;C:\Users\testinium\.m2\repository\junit\junit\4.12\junit-4.12.jar;C:\Users\testinium\.m2\repository\org\hamcrest\hamcrest-core\1.3\hamcrest-core-1.3.jar;C:\Users\testinium\.m2\repository\com\thoughtworks\gauge\gauge-java\0.7.15\gauge-java-0.7.15.jar;C:\Users\testinium\.m2\repository\org\assertj\assertj-core\3.19.0\assertj-core-3.19.0.jar;C:\Users\testinium\.m2\repository\org\reflections\reflections\0.9.9\reflections-0.9.9.jar;C:\Users\testinium\.m2\repository\org\javassist\javassist\3.18.2-GA\javassist-3.18.2-GA.jar;C:\Users\testinium\.m2\repository\com\google\code\findbugs\annotations\2.0.1\annotations-2.0.1.jar;C:\Users\testinium\.m2\repository\com\github\javaparser\javaparser-core\3.16.3\javaparser-core-3.16.3.jar;C:\Users\testinium\.m2\repository\commons-io\commons-io\2.8.0\commons-io-2.8.0.jar;C:\Users\testinium\.m2\repository\commons-lang\commons-lang\2.6\commons-lang-2.6.jar;C:\Users\testinium\.m2\repository\org\json\json\20210307\json-20210307.jar;C:\Users\testinium\.m2\repository\com\google\protobuf\protobuf-java\3.15.8\protobuf-java-3.15.8.jar;C:\Users\testinium\.m2\repository\com\google\guava\guava\30.1.1-jre\guava-30.1.1-jre.jar;C:\Users\testinium\.m2\repository\com\google\guava\failureaccess\1.0.1\failureaccess-1.0.1.jar;C:\Users\testinium\.m2\repository\com\google\guava\listenablefuture\9999.0-empty-to-avoid-conflict-with-guava\listenablefuture-9999.0-empty-to-avoid-conflict-with-guava.jar;C:\Users\testinium\.m2\repository\com\google\code\findbugs\jsr305\3.0.2\jsr305-3.0.2.jar;C:\Users\testinium\.m2\repository\org\checkerframework\checker-qual\3.8.0\checker-qual-3.8.0.jar;C:\Users\testinium\.m2\repository\com\google\errorprone\error_prone_annotations\2.5.1\error_prone_annotations-2.5.1.jar;C:\Users\testinium\.m2\repository\com\google\j2objc\j2objc-annotations\1.3\j2objc-annotations-1.3.jar;C:\Users\testinium\.m2\repository\io\grpc\grpc-netty-shaded\1.37.0\grpc-netty-shaded-1.37.0.jar;C:\Users\testinium\.m2\repository\io\grpc\grpc-core\1.37.0\grpc-core-1.37.0.jar;C:\Users\testinium\.m2\repository\com\google\android\annotations\4.1.1.4\annotations-4.1.1.4.jar;C:\Users\testinium\.m2\repository\io\perfmark\perfmark-api\0.23.0\perfmark-api-0.23.0.jar;C:\Users\testinium\.m2\repository\io\grpc\grpc-protobuf\1.37.0\grpc-protobuf-1.37.0.jar;C:\Users\testinium\.m2\repository\io\grpc\grpc-api\1.37.0\grpc-api-1.37.0.jar;C:\Users\testinium\.m2\repository\io\grpc\grpc-context\1.37.0\grpc-context-1.37.0.jar;C:\Users\testinium\.m2\repository\com\google\api\grpc\proto-google-common-protos\2.0.1\proto-google-common-protos-2.0.1.jar;C:\Users\testinium\.m2\repository\io\grpc\grpc-protobuf-lite\1.37.0\grpc-protobuf-lite-1.37.0.jar;C:\Users\testinium\.m2\repository\org\codehaus\mojo\animal-sniffer-annotations\1.19\animal-sniffer-annotations-1.19.jar;C:\Users\testinium\.m2\repository\io\grpc\grpc-stub\1.37.0\grpc-stub-1.37.0.jar;C:\Users\testinium\.m2\repository\javax\annotation\javax.annotation-api\1.3.2\javax.annotation-api-1.3.2.jar;C:\Users\testinium\.m2\repository\io\appium\java-client\7.3.0\java-client-7.3.0.jar;C:\Users\testinium\.m2\repository\org\seleniumhq\selenium\selenium-java\3.141.59\selenium-java-3.141.59.jar;C:\Users\testinium\.m2\repository\org\seleniumhq\selenium\selenium-chrome-driver\3.141.59\selenium-chrome-driver-3.141.59.jar;C:\Users\testinium\.m2\repository\org\seleniumhq\selenium\selenium-edge-driver\3.141.59\selenium-edge-driver-3.141.59.jar;C:\Users\testinium\.m2\repository\org\seleniumhq\selenium\selenium-firefox-driver\3.141.59\selenium-firefox-driver-3.141.59.jar;C:\Users\testinium\.m2\repository\org\seleniumhq\selenium\selenium-ie-driver\3.141.59\selenium-ie-driver-3.141.59.jar;C:\Users\testinium\.m2\repository\org\seleniumhq\selenium\selenium-opera-driver\3.141.59\selenium-opera-driver-3.141.59.jar;C:\Users\testinium\.m2\repository\org\seleniumhq\selenium\selenium-remote-driver\3.141.59\selenium-remote-driver-3.141.59.jar;C:\Users\testinium\.m2\repository\org\seleniumhq\selenium\selenium-safari-driver\3.141.59\selenium-safari-driver-3.141.59.jar;C:\Users\testinium\.m2\repository\net\bytebuddy\byte-buddy\1.8.15\byte-buddy-1.8.15.jar;C:\Users\testinium\.m2\repository\org\apache\commons\commons-exec\1.3\commons-exec-1.3.jar;C:\Users\testinium\.m2\repository\com\squareup\okhttp3\okhttp\3.11.0\okhttp-3.11.0.jar;C:\Users\testinium\.m2\repository\com\squareup\okio\okio\1.14.0\okio-1.14.0.jar;C:\Users\testinium\.m2\repository\org\seleniumhq\selenium\selenium-support\3.141.59\selenium-support-3.141.59.jar;C:\Users\testinium\.m2\repository\org\seleniumhq\selenium\selenium-api\3.141.59\selenium-api-3.141.59.jar;C:\Users\testinium\.m2\repository\com\google\code\gson\gson\2.8.5\gson-2.8.5.jar;C:\Users\testinium\.m2\repository\org\apache\httpcomponents\httpclient\4.5.9\httpclient-4.5.9.jar;C:\Users\testinium\.m2\repository\org\apache\httpcomponents\httpcore\4.4.11\httpcore-4.4.11.jar;C:\Users\testinium\.m2\repository\commons-logging\commons-logging\1.2\commons-logging-1.2.jar;C:\Users\testinium\.m2\repository\commons-codec\commons-codec\1.11\commons-codec-1.11.jar;C:\Users\testinium\.m2\repository\cglib\cglib\3.2.12\cglib-3.2.12.jar;C:\Users\testinium\.m2\repository\org\ow2\asm\asm\7.1\asm-7.1.jar;C:\Users\testinium\.m2\repository\commons-validator\commons-validator\1.6\commons-validator-1.6.jar;C:\Users\testinium\.m2\repository\commons-beanutils\commons-beanutils\1.9.2\commons-beanutils-1.9.2.jar;C:\Users\testinium\.m2\repository\commons-digester\commons-digester\1.8.1\commons-digester-1.8.1.jar;C:\Users\testinium\.m2\repository\commons-collections\commons-collections\3.2.2\commons-collections-3.2.2.jar;C:\Users\testinium\.m2\repository\org\apache\commons\commons-lang3\3.9\commons-lang3-3.9.jar;C:\Users\testinium\.m2\repository\org\springframework\spring-context\5.1.8.RELEASE\spring-context-5.1.8.RELEASE.jar;C:\Users\testinium\.m2\repository\org\springframework\spring-aop\5.1.8.RELEASE\spring-aop-5.1.8.RELEASE.jar;C:\Users\testinium\.m2\repository\org\springframework\spring-beans\5.1.8.RELEASE\spring-beans-5.1.8.RELEASE.jar;C:\Users\testinium\.m2\repository\org\springframework\spring-core\5.1.8.RELEASE\spring-core-5.1.8.RELEASE.jar;C:\Users\testinium\.m2\repository\org\springframework\spring-jcl\5.1.8.RELEASE\spring-jcl-5.1.8.RELEASE.jar;C:\Users\testinium\.m2\repository\org\springframework\spring-expression\5.1.8.RELEASE\spring-expression-5.1.8.RELEASE.jar;C:\Users\testinium\.m2\repository\org\aspectj\aspectjweaver\1.9.4\aspectjweaver-1.9.4.jar;C:\Users\testinium\.m2\repository\org\slf4j\slf4j-api\1.7.26\slf4j-api-1.7.26.jar;C:\Users\testinium\.m2\repository\log4j\log4j\1.2.17\log4j-1.2.17.jar
07-12-2021 13:18:49.986 [java] [DEBUG] found java executable in C:\Program Files\Java\jdk1.8.0_281\jre\bin\java.exe
07-12-2021 13:18:49.986 [java] [DEBUG] running - C:\Program Files\Java\jdk1.8.0_281\jre\bin\java.exe [-Dfile.encoding=UTF-8 com.thoughtworks.gauge.GaugeRuntime --start]
07-12-2021 13:18:49.986 [java] [DEBUG] stdout/stderr is logged to log\16096-java.exe.out
07-12-2021 13:18:50.250 [java] [DEBUG] multithreading is set to false
07-12-2021 13:18:50.646 [java] [DEBUG] Using reflection to scan dependencies for gauge implementations...
07-12-2021 13:18:51.524 [java] [DEBUG] gauge-java took 1274milliseconds to load and scan. This should be less than 'runner_connection_timeout' config value.
07-12-2021 13:18:51.524 [java] [DEBUG] run 'gauge config runner_connection_timeout' and verify that it is < 1274
07-12-2021 13:18:51.524 [java] [DEBUG] starting gRPC server...
07-12-2021 13:18:52.395 [java] [DEBUG] started gRPC server on port 50099
07-12-2021 13:18:52.395 [Gauge] [DEBUG] Attempting to connect to grpc server at port: 50099
07-12-2021 13:18:52.575 [Gauge] [DEBUG] Successfully made the connection with runner with port: 50099
07-12-2021 13:18:52.575 [Gauge] [DEBUG] Validation started.
07-12-2021 13:18:54.774 [java] [DEBUG] Scanning packages for steps
07-12-2021 13:18:54.843 [java] [DEBUG] Comparing 'org.example.BasePage.randomProduct' and 'org.example.BasePage.randomProduct'
07-12-2021 13:18:54.843 [java] [DEBUG] Found {} Random ürün seç in current project scope.
07-12-2021 13:18:54.843 [java] [DEBUG] Comparing 'org.example.BasePage.waitForsecond' and 'org.example.BasePage.waitForsecond'
07-12-2021 13:18:54.843 [java] [DEBUG] Found {} saniye bekle in current project scope.
07-12-2021 13:18:54.843 [java] [DEBUG] Comparing 'org.example.BasePage.scroll' and 'org.example.BasePage.scroll'
07-12-2021 13:18:54.843 [java] [DEBUG] Found Scroll Yap in current project scope.
07-12-2021 13:18:54.844 [java] [DEBUG] Comparing 'org.example.BasePage.elementClick' and 'org.example.BasePage.elementClick'
07-12-2021 13:18:54.844 [java] [DEBUG] Found {} tıkla in current project scope.
07-12-2021 13:18:54.844 [java] [DEBUG] Comparing 'org.example.BasePage.xpathControl' and 'org.example.BasePage.xpathControl'
07-12-2021 13:18:54.844 [java] [DEBUG] Found {} xpath kontrol in current project scope.
07-12-2021 13:18:54.844 [java] [DEBUG] Comparing 'org.example.BasePage.idControl' and 'org.example.BasePage.idControl'
07-12-2021 13:18:54.844 [java] [DEBUG] Found {} id kontrol in current project scope.
07-12-2021 13:18:54.845 [java] [DEBUG] Comparing 'org.example.BasePage.textControl' and 'org.example.BasePage.textControl'
07-12-2021 13:18:54.845 [java] [DEBUG] Found {} id'li element {} text değerini içeridiğini kontrol et in current project scope.
07-12-2021 13:18:54.845 [java] [DEBUG] Comparing 'org.example.BasePage.xpathClick' and 'org.example.BasePage.xpathClick'
07-12-2021 13:18:54.845 [java] [DEBUG] Found {} xpath tıkla in current project scope.
07-12-2021 13:18:54.845 [java] [DEBUG] Comparing 'org.example.BasePage.sendKeysbyid' and 'org.example.BasePage.sendKeysbyid'
07-12-2021 13:18:54.845 [java] [DEBUG] Found {} id'li elemente {} text değerini yaz in current project scope.
07-12-2021 13:18:54.845 [java] [DEBUG] Scanning packages for hooks
07-12-2021 13:18:54.858 [java] [DEBUG] Scanned steps (using static parsing + reflections): 
07-12-2021 13:18:54.858 [java] [DEBUG] 	{} tıkla : public void elementClick(String selectorid)
07-12-2021 13:18:54.858 [java] [DEBUG] 	{} saniye bekle : public void waitForsecond(ınt wait) throws InterruptedException
07-12-2021 13:18:54.859 [java] [DEBUG] 	{} xpath kontrol : public void xpathControl(String selectorid)
07-12-2021 13:18:54.859 [java] [DEBUG] 	{} id'li elemente {} text değerini yaz : public void sendKeysbyid(String id, String text)
07-12-2021 13:18:54.859 [java] [DEBUG] 	Scroll Yap : public void scroll()
07-12-2021 13:18:54.859 [java] [DEBUG] 	{} Random ürün seç : public void randomProduct(String xpath)
07-12-2021 13:18:54.859 [java] [DEBUG] 	{} id'li element {} text değerini içeridiğini kontrol et : public void textControl(String key, String keyword)
07-12-2021 13:18:54.859 [java] [DEBUG] 	{} xpath tıkla : public void xpathClick(String xpath)
07-12-2021 13:18:54.859 [java] [DEBUG] 	{} id kontrol : public void idControl(String key)
07-12-2021 13:18:59.143 [Gauge] [DEBUG] Validation completed.
07-12-2021 13:18:59.144 [Gauge] [DEBUG] Run started
07-12-2021 13:18:59.148 [Gauge] [DEBUG] Starting Html Report plugin
07-12-2021 13:18:59.176 [Gauge] [DEBUG] Attempting to connect to grpc server at port: 50102
07-12-2021 13:18:59.179 [Gauge] [DEBUG] Successfully made the connection with plugin with port: 50102
07-12-2021 13:18:59.179 [Gauge] [DEBUG] Initialising suite data store.
07-12-2021 13:19:11.074 [java] [DEBUG] Executing '{} saniye bekle' using 'class org.example.BasePage.waitForsecond
07-12-2021 13:19:14.121 [java] [DEBUG] Executing '{} id kontrol' using 'class org.example.BasePage.idControl
07-12-2021 13:19:16.447 [html-report] [DEBUG] Transformed SuiteResult to report structure
07-12-2021 13:19:16.637 [html-report] [INFO] Successfully generated html-report to => C:\Users\testinium\IdeaProjects\ozdilekMobileDeneme\reports\html-report\index.html
07-12-2021 13:19:16.637 [html-report] [DEBUG] Done generating HTML report using theme from C:\Users\testinium\AppData\Roaming\gauge\plugins\html-report\4.0.12\themes\default
07-12-2021 13:19:16.638 [Gauge] [DEBUG] Sending kill message to Html Report plugin.
07-12-2021 13:19:16.650 [java] [DEBUG] Killing Java runner...
07-12-2021 13:19:16.653 [java] [DEBUG] Stopping execution pool...
07-12-2021 13:19:16.653 [java] [DEBUG] Shutting down grpc server...
07-12-2021 13:19:16.685 [java] [DEBUG] Runner killed gracefully.
07-12-2021 13:19:17.589 [Gauge] [DEBUG] Runner with PID:16096 has exited
07-12-2021 13:19:17.589 [Gauge] [INFO] Specifications:	1 executed	0 passed	1 failed	0 skipped
07-12-2021 13:19:17.589 [Gauge] [INFO] Scenarios:	1 executed	0 passed	1 failed	0 skipped
07-12-2021 13:19:17.590 [Gauge] [INFO] 
Total time taken: 17.296s
07-12-2021 13:19:17.592 [Gauge] [INFO] Updates are available. Run `gauge update -c` for more info.
07-12-2021 13:19:31.924 [Gauge] [DEBUG] Created gauge_screenshots_dir at C:\Users\testinium\IdeaProjects\ozdilekMobileDeneme\.gauge\screenshots
07-12-2021 13:19:31.926 [Gauge] [DEBUG] Plugin html-report is already installed.
07-12-2021 13:19:31.928 [Gauge] [DEBUG] Plugin java is already installed.
07-12-2021 13:19:31.928 [Gauge] [DEBUG] Parsing started.
07-12-2021 13:19:31.928 [Gauge] [DEBUG] Started concepts parsing.
07-12-2021 13:19:31.937 [Gauge] [DEBUG] 16 concepts parsing completed.
07-12-2021 13:19:31.938 [Gauge] [DEBUG] Started specifications parsing.
07-12-2021 13:19:31.938 [Gauge] [DEBUG] 1 specifications parsing completed.
07-12-2021 13:19:31.939 [Gauge] [DEBUG] Parsing completed.
07-12-2021 13:19:31.974 [java] [DEBUG] ***** Printing Properties/Env Values *****
07-12-2021 13:19:31.974 [java] [DEBUG] PATH: C:\Program Files (x86)\VMware\VMware Player\bin\;C:\Windows\system32;C:\Windows;C:\Windows\System32\Wbem;C:\Windows\System32\WindowsPowerShell\v1.0\;C:\Windows\System32\OpenSSH\;C:\Program Files\NVIDIA Corporation\NVIDIA NvDLISR;C:\WINDOWS\system32;C:\WINDOWS;C:\WINDOWS\System32\Wbem;C:\WINDOWS\System32\WindowsPowerShell\v1.0\;C:\WINDOWS\System32\OpenSSH\;C:\Program Files (x86)\AOMEI\AOMEI Backupper\6.7.0;C:\Program Files (x86)\Microsoft SQL Server\150\DTS\Binn\;C:\Program Files\Azure Data Studio\bin;C:\Program Files\Microsoft SQL Server\Client SDK\ODBC\170\Tools\Binn\;C:\Program Files (x86)\Microsoft SQL Server\150\Tools\Binn\;C:\Program Files\Microsoft SQL Server\150\Tools\Binn\;C:\Program Files\Microsoft SQL Server\150\DTS\Binn\;C:\Program Files\Git\cmd;C:\Program Files\Gauge\bin;C:\Program Files\nodejs\;C:\JavaLib\apache-maven-3.6.3\bin;C:\Users\testinium\AppData\Local\Android\Sdk\platform-tools;C:\Users\testinium\AppData\Local\Android\Sdk\tools;C:\Users\testinium\AppData\Local\Android\Sdk\build-tools;C:\Program Files\Java\jdk1.8.0_281\bin;C:\Program Files (x86)\Micro Focus\Unified Functional Testing\bin;C:\Users\testinium\AppData\Local\Microsoft\WindowsApps;C:\Program Files\Azure Data Studio\bin;C:\Users\testinium\AppData\Roaming\npm;C:\Program Files\Java\jdk1.8.0_281;C:\JavaLib\apache-maven-3.6.3\bin;";%!A(MISSING)NDROID_HOME\platform-tools%!"(MISSING);";%!A(MISSING)NDROID_HOME\tools%!"(MISSING);";%!A(MISSING)NDROID_HOME\build-tools%!"(MISSING);C:\Users\testinium\AppData\Local\Programs\Microsoft VS Code\bin;;C:\Users\testinium\AppData\Roaming\gauge\plugins\screenshot\0.1.0
07-12-2021 13:19:31.974 [java] [DEBUG] JAVA_HOME: C:\Program Files\Java\jdk1.8.0_281
07-12-2021 13:19:31.974 [java] [DEBUG] gauge_project_root: C:\Users\testinium\IdeaProjects\ozdilekMobileDeneme
07-12-2021 13:19:31.974 [java] [DEBUG] gauge_parallel_streams_count: 
07-12-2021 13:19:31.974 [java] [DEBUG] gauge_reports_dir: reports
07-12-2021 13:19:31.974 [java] [DEBUG] overwrite_reports: true
07-12-2021 13:19:31.974 [java] [DEBUG] logs_directory: log
07-12-2021 13:19:31.974 [java] [DEBUG] enable_multithreading: false
07-12-2021 13:19:31.974 [java] [DEBUG] gauge_specs_dir: specs
07-12-2021 13:19:31.974 [java] [DEBUG] csv_delimiter: ,
07-12-2021 13:19:31.974 [java] [DEBUG] gauge_java_home: 
07-12-2021 13:19:31.974 [java] [DEBUG] gauge_custom_build_path: 
07-12-2021 13:19:31.974 [java] [DEBUG] gauge_additional_libs: libs/*
07-12-2021 13:19:31.974 [java] [DEBUG] gauge_jvm_args: 
07-12-2021 13:19:31.974 [java] [DEBUG] gauge_custom_compile_dir: 
07-12-2021 13:19:31.974 [java] [DEBUG] gauge_clear_state_level: scenario
07-12-2021 13:19:31.974 [java] [DEBUG] ***** END *****
07-12-2021 13:19:32.168 [Gauge] [DEBUG] Checking updates...
07-12-2021 13:19:32.170 [Gauge] [DEBUG] Downloading https://downloads.gauge.org/plugin/html-report?l=java&p=html-report,java,screenshot,spectacle,xml-report&o=windows&a=386
07-12-2021 13:19:32.503 [Gauge] [DEBUG] Downloading https://downloads.gauge.org/plugin/java?l=java&p=html-report,java,screenshot,spectacle,xml-report&o=windows&a=386
07-12-2021 13:19:32.627 [Gauge] [DEBUG] Downloading https://downloads.gauge.org/plugin/screenshot?l=java&p=html-report,java,screenshot,spectacle,xml-report&o=windows&a=386
07-12-2021 13:19:32.793 [Gauge] [DEBUG] Downloading https://downloads.gauge.org/plugin/spectacle?l=java&p=html-report,java,screenshot,spectacle,xml-report&o=windows&a=386
07-12-2021 13:19:32.974 [Gauge] [DEBUG] Downloading https://downloads.gauge.org/plugin/xml-report?l=java&p=html-report,java,screenshot,spectacle,xml-report&o=windows&a=386
07-12-2021 13:19:37.102 [java] [DEBUG] classpath set to C:\Program Files\Java\jdk1.8.0_202\jre\lib\charsets.jar;C:\Program Files\Java\jdk1.8.0_202\jre\lib\deploy.jar;C:\Program Files\Java\jdk1.8.0_202\jre\lib\ext\access-bridge-64.jar;C:\Program Files\Java\jdk1.8.0_202\jre\lib\ext\cldrdata.jar;C:\Program Files\Java\jdk1.8.0_202\jre\lib\ext\dnsns.jar;C:\Program Files\Java\jdk1.8.0_202\jre\lib\ext\jaccess.jar;C:\Program Files\Java\jdk1.8.0_202\jre\lib\ext\jfxrt.jar;C:\Program Files\Java\jdk1.8.0_202\jre\lib\ext\localedata.jar;C:\Program Files\Java\jdk1.8.0_202\jre\lib\ext\nashorn.jar;C:\Program Files\Java\jdk1.8.0_202\jre\lib\ext\sunec.jar;C:\Program Files\Java\jdk1.8.0_202\jre\lib\ext\sunjce_provider.jar;C:\Program Files\Java\jdk1.8.0_202\jre\lib\ext\sunmscapi.jar;C:\Program Files\Java\jdk1.8.0_202\jre\lib\ext\sunpkcs11.jar;C:\Program Files\Java\jdk1.8.0_202\jre\lib\ext\zipfs.jar;C:\Program Files\Java\jdk1.8.0_202\jre\lib\javaws.jar;C:\Program Files\Java\jdk1.8.0_202\jre\lib\jce.jar;C:\Program Files\Java\jdk1.8.0_202\jre\lib\jfr.jar;C:\Program Files\Java\jdk1.8.0_202\jre\lib\jfxswt.jar;C:\Program Files\Java\jdk1.8.0_202\jre\lib\jsse.jar;C:\Program Files\Java\jdk1.8.0_202\jre\lib\management-agent.jar;C:\Program Files\Java\jdk1.8.0_202\jre\lib\plugin.jar;C:\Program Files\Java\jdk1.8.0_202\jre\lib\resources.jar;C:\Program Files\Java\jdk1.8.0_202\jre\lib\rt.jar;C:\Users\testinium\IdeaProjects\ozdilekMobileDeneme\target\test-classes;C:\Users\testinium\.m2\repository\junit\junit\4.12\junit-4.12.jar;C:\Users\testinium\.m2\repository\org\hamcrest\hamcrest-core\1.3\hamcrest-core-1.3.jar;C:\Users\testinium\.m2\repository\com\thoughtworks\gauge\gauge-java\0.7.15\gauge-java-0.7.15.jar;C:\Users\testinium\.m2\repository\org\assertj\assertj-core\3.19.0\assertj-core-3.19.0.jar;C:\Users\testinium\.m2\repository\org\reflections\reflections\0.9.9\reflections-0.9.9.jar;C:\Users\testinium\.m2\repository\org\javassist\javassist\3.18.2-GA\javassist-3.18.2-GA.jar;C:\Users\testinium\.m2\repository\com\google\code\findbugs\annotations\2.0.1\annotations-2.0.1.jar;C:\Users\testinium\.m2\repository\com\github\javaparser\javaparser-core\3.16.3\javaparser-core-3.16.3.jar;C:\Users\testinium\.m2\repository\commons-io\commons-io\2.8.0\commons-io-2.8.0.jar;C:\Users\testinium\.m2\repository\commons-lang\commons-lang\2.6\commons-lang-2.6.jar;C:\Users\testinium\.m2\repository\org\json\json\20210307\json-20210307.jar;C:\Users\testinium\.m2\repository\com\google\protobuf\protobuf-java\3.15.8\protobuf-java-3.15.8.jar;C:\Users\testinium\.m2\repository\com\google\guava\guava\30.1.1-jre\guava-30.1.1-jre.jar;C:\Users\testinium\.m2\repository\com\google\guava\failureaccess\1.0.1\failureaccess-1.0.1.jar;C:\Users\testinium\.m2\repository\com\google\guava\listenablefuture\9999.0-empty-to-avoid-conflict-with-guava\listenablefuture-9999.0-empty-to-avoid-conflict-with-guava.jar;C:\Users\testinium\.m2\repository\com\google\code\findbugs\jsr305\3.0.2\jsr305-3.0.2.jar;C:\Users\testinium\.m2\repository\org\checkerframework\checker-qual\3.8.0\checker-qual-3.8.0.jar;C:\Users\testinium\.m2\repository\com\google\errorprone\error_prone_annotations\2.5.1\error_prone_annotations-2.5.1.jar;C:\Users\testinium\.m2\repository\com\google\j2objc\j2objc-annotations\1.3\j2objc-annotations-1.3.jar;C:\Users\testinium\.m2\repository\io\grpc\grpc-netty-shaded\1.37.0\grpc-netty-shaded-1.37.0.jar;C:\Users\testinium\.m2\repository\io\grpc\grpc-core\1.37.0\grpc-core-1.37.0.jar;C:\Users\testinium\.m2\repository\com\google\android\annotations\4.1.1.4\annotations-4.1.1.4.jar;C:\Users\testinium\.m2\repository\io\perfmark\perfmark-api\0.23.0\perfmark-api-0.23.0.jar;C:\Users\testinium\.m2\repository\io\grpc\grpc-protobuf\1.37.0\grpc-protobuf-1.37.0.jar;C:\Users\testinium\.m2\repository\io\grpc\grpc-api\1.37.0\grpc-api-1.37.0.jar;C:\Users\testinium\.m2\repository\io\grpc\grpc-context\1.37.0\grpc-context-1.37.0.jar;C:\Users\testinium\.m2\repository\com\google\api\grpc\proto-google-common-protos\2.0.1\proto-google-common-protos-2.0.1.jar;C:\Users\testinium\.m2\repository\io\grpc\grpc-protobuf-lite\1.37.0\grpc-protobuf-lite-1.37.0.jar;C:\Users\testinium\.m2\repository\org\codehaus\mojo\animal-sniffer-annotations\1.19\animal-sniffer-annotations-1.19.jar;C:\Users\testinium\.m2\repository\io\grpc\grpc-stub\1.37.0\grpc-stub-1.37.0.jar;C:\Users\testinium\.m2\repository\javax\annotation\javax.annotation-api\1.3.2\javax.annotation-api-1.3.2.jar;C:\Users\testinium\.m2\repository\io\appium\java-client\7.3.0\java-client-7.3.0.jar;C:\Users\testinium\.m2\repository\org\seleniumhq\selenium\selenium-java\3.141.59\selenium-java-3.141.59.jar;C:\Users\testinium\.m2\repository\org\seleniumhq\selenium\selenium-chrome-driver\3.141.59\selenium-chrome-driver-3.141.59.jar;C:\Users\testinium\.m2\repository\org\seleniumhq\selenium\selenium-edge-driver\3.141.59\selenium-edge-driver-3.141.59.jar;C:\Users\testinium\.m2\repository\org\seleniumhq\selenium\selenium-firefox-driver\3.141.59\selenium-firefox-driver-3.141.59.jar;C:\Users\testinium\.m2\repository\org\seleniumhq\selenium\selenium-ie-driver\3.141.59\selenium-ie-driver-3.141.59.jar;C:\Users\testinium\.m2\repository\org\seleniumhq\selenium\selenium-opera-driver\3.141.59\selenium-opera-driver-3.141.59.jar;C:\Users\testinium\.m2\repository\org\seleniumhq\selenium\selenium-remote-driver\3.141.59\selenium-remote-driver-3.141.59.jar;C:\Users\testinium\.m2\repository\org\seleniumhq\selenium\selenium-safari-driver\3.141.59\selenium-safari-driver-3.141.59.jar;C:\Users\testinium\.m2\repository\net\bytebuddy\byte-buddy\1.8.15\byte-buddy-1.8.15.jar;C:\Users\testinium\.m2\repository\org\apache\commons\commons-exec\1.3\commons-exec-1.3.jar;C:\Users\testinium\.m2\repository\com\squareup\okhttp3\okhttp\3.11.0\okhttp-3.11.0.jar;C:\Users\testinium\.m2\repository\com\squareup\okio\okio\1.14.0\okio-1.14.0.jar;C:\Users\testinium\.m2\repository\org\seleniumhq\selenium\selenium-support\3.141.59\selenium-support-3.141.59.jar;C:\Users\testinium\.m2\repository\org\seleniumhq\selenium\selenium-api\3.141.59\selenium-api-3.141.59.jar;C:\Users\testinium\.m2\repository\com\google\code\gson\gson\2.8.5\gson-2.8.5.jar;C:\Users\testinium\.m2\repository\org\apache\httpcomponents\httpclient\4.5.9\httpclient-4.5.9.jar;C:\Users\testinium\.m2\repository\org\apache\httpcomponents\httpcore\4.4.11\httpcore-4.4.11.jar;C:\Users\testinium\.m2\repository\commons-logging\commons-logging\1.2\commons-logging-1.2.jar;C:\Users\testinium\.m2\repository\commons-codec\commons-codec\1.11\commons-codec-1.11.jar;C:\Users\testinium\.m2\repository\cglib\cglib\3.2.12\cglib-3.2.12.jar;C:\Users\testinium\.m2\repository\org\ow2\asm\asm\7.1\asm-7.1.jar;C:\Users\testinium\.m2\repository\commons-validator\commons-validator\1.6\commons-validator-1.6.jar;C:\Users\testinium\.m2\repository\commons-beanutils\commons-beanutils\1.9.2\commons-beanutils-1.9.2.jar;C:\Users\testinium\.m2\repository\commons-digester\commons-digester\1.8.1\commons-digester-1.8.1.jar;C:\Users\testinium\.m2\repository\commons-collections\commons-collections\3.2.2\commons-collections-3.2.2.jar;C:\Users\testinium\.m2\repository\org\apache\commons\commons-lang3\3.9\commons-lang3-3.9.jar;C:\Users\testinium\.m2\repository\org\springframework\spring-context\5.1.8.RELEASE\spring-context-5.1.8.RELEASE.jar;C:\Users\testinium\.m2\repository\org\springframework\spring-aop\5.1.8.RELEASE\spring-aop-5.1.8.RELEASE.jar;C:\Users\testinium\.m2\repository\org\springframework\spring-beans\5.1.8.RELEASE\spring-beans-5.1.8.RELEASE.jar;C:\Users\testinium\.m2\repository\org\springframework\spring-core\5.1.8.RELEASE\spring-core-5.1.8.RELEASE.jar;C:\Users\testinium\.m2\repository\org\springframework\spring-jcl\5.1.8.RELEASE\spring-jcl-5.1.8.RELEASE.jar;C:\Users\testinium\.m2\repository\org\springframework\spring-expression\5.1.8.RELEASE\spring-expression-5.1.8.RELEASE.jar;C:\Users\testinium\.m2\repository\org\aspectj\aspectjweaver\1.9.4\aspectjweaver-1.9.4.jar;C:\Users\testinium\.m2\repository\org\slf4j\slf4j-api\1.7.26\slf4j-api-1.7.26.jar;C:\Users\testinium\.m2\repository\log4j\log4j\1.2.17\log4j-1.2.17.jar
07-12-2021 13:19:37.195 [java] [DEBUG] found java executable in C:\Program Files\Java\jdk1.8.0_281\jre\bin\java.exe
07-12-2021 13:19:37.195 [java] [DEBUG] running - C:\Program Files\Java\jdk1.8.0_281\jre\bin\java.exe [-Dfile.encoding=UTF-8 com.thoughtworks.gauge.GaugeRuntime --start]
07-12-2021 13:19:37.195 [java] [DEBUG] stdout/stderr is logged to log\10000-java.exe.out
07-12-2021 13:19:37.521 [java] [DEBUG] multithreading is set to false
07-12-2021 13:19:37.887 [java] [DEBUG] Using reflection to scan dependencies for gauge implementations...
07-12-2021 13:19:38.640 [java] [DEBUG] gauge-java took 1119milliseconds to load and scan. This should be less than 'runner_connection_timeout' config value.
07-12-2021 13:19:38.641 [java] [DEBUG] run 'gauge config runner_connection_timeout' and verify that it is < 1119
07-12-2021 13:19:38.641 [java] [DEBUG] starting gRPC server...
07-12-2021 13:19:39.540 [java] [DEBUG] started gRPC server on port 50226
07-12-2021 13:19:39.540 [Gauge] [DEBUG] Attempting to connect to grpc server at port: 50226
07-12-2021 13:19:39.762 [Gauge] [DEBUG] Successfully made the connection with runner with port: 50226
07-12-2021 13:19:39.762 [Gauge] [DEBUG] Validation started.
07-12-2021 13:19:42.343 [java] [DEBUG] Scanning packages for steps
07-12-2021 13:19:42.397 [java] [DEBUG] Comparing 'org.example.BasePage.randomProduct' and 'org.example.BasePage.randomProduct'
07-12-2021 13:19:42.398 [java] [DEBUG] Found {} Random ürün seç in current project scope.
07-12-2021 13:19:42.398 [java] [DEBUG] Comparing 'org.example.BasePage.waitForsecond' and 'org.example.BasePage.waitForsecond'
07-12-2021 13:19:42.398 [java] [DEBUG] Found {} saniye bekle in current project scope.
07-12-2021 13:19:42.399 [java] [DEBUG] Comparing 'org.example.BasePage.scroll' and 'org.example.BasePage.scroll'
07-12-2021 13:19:42.399 [java] [DEBUG] Found Scroll Yap in current project scope.
07-12-2021 13:19:42.399 [java] [DEBUG] Comparing 'org.example.BasePage.elementClick' and 'org.example.BasePage.elementClick'
07-12-2021 13:19:42.399 [java] [DEBUG] Found {} tıkla in current project scope.
07-12-2021 13:19:42.399 [java] [DEBUG] Comparing 'org.example.BasePage.xpathControl' and 'org.example.BasePage.xpathControl'
07-12-2021 13:19:42.400 [java] [DEBUG] Found {} xpath kontrol in current project scope.
07-12-2021 13:19:42.400 [java] [DEBUG] Comparing 'org.example.BasePage.idControl' and 'org.example.BasePage.idControl'
07-12-2021 13:19:42.400 [java] [DEBUG] Found {} id kontrol in current project scope.
07-12-2021 13:19:42.400 [java] [DEBUG] Comparing 'org.example.BasePage.textControl' and 'org.example.BasePage.textControl'
07-12-2021 13:19:42.400 [java] [DEBUG] Found {} id'li element {} text değerini içeridiğini kontrol et in current project scope.
07-12-2021 13:19:42.400 [java] [DEBUG] Comparing 'org.example.BasePage.xpathClick' and 'org.example.BasePage.xpathClick'
07-12-2021 13:19:42.400 [java] [DEBUG] Found {} xpath tıkla in current project scope.
07-12-2021 13:19:42.400 [java] [DEBUG] Comparing 'org.example.BasePage.sendKeysbyid' and 'org.example.BasePage.sendKeysbyid'
07-12-2021 13:19:42.400 [java] [DEBUG] Found {} id'li elemente {} text değerini yaz in current project scope.
07-12-2021 13:19:42.400 [java] [DEBUG] Scanning packages for hooks
07-12-2021 13:19:42.411 [java] [DEBUG] Scanned steps (using static parsing + reflections): 
07-12-2021 13:19:42.411 [java] [DEBUG] 	{} tıkla : public void elementClick(String selectorid)
07-12-2021 13:19:42.411 [java] [DEBUG] 	{} saniye bekle : public void waitForsecond(ınt wait) throws InterruptedException
07-12-2021 13:19:42.413 [java] [DEBUG] 	{} xpath kontrol : public void xpathControl(String selectorid)
07-12-2021 13:19:42.413 [java] [DEBUG] 	{} id'li elemente {} text değerini yaz : public void sendKeysbyid(String id, String text)
07-12-2021 13:19:42.413 [java] [DEBUG] 	Scroll Yap : public void scroll()
07-12-2021 13:19:42.413 [java] [DEBUG] 	{} Random ürün seç : public void randomProduct(String xpath)
07-12-2021 13:19:42.413 [java] [DEBUG] 	{} id'li element {} text değerini içeridiğini kontrol et : public void textControl(String key, String keyword)
07-12-2021 13:19:42.413 [java] [DEBUG] 	{} xpath tıkla : public void xpathClick(String xpath)
07-12-2021 13:19:42.414 [java] [DEBUG] 	{} id kontrol : public void idControl(String key)
07-12-2021 13:19:46.888 [Gauge] [DEBUG] Validation completed.
07-12-2021 13:19:46.889 [Gauge] [DEBUG] Run started
07-12-2021 13:19:46.892 [Gauge] [DEBUG] Starting Html Report plugin
07-12-2021 13:19:46.933 [Gauge] [DEBUG] Attempting to connect to grpc server at port: 50231
07-12-2021 13:19:46.935 [Gauge] [DEBUG] Successfully made the connection with plugin with port: 50231
07-12-2021 13:19:46.935 [Gauge] [DEBUG] Initialising suite data store.
07-12-2021 13:20:00.035 [java] [DEBUG] Executing '{} saniye bekle' using 'class org.example.BasePage.waitForsecond
07-12-2021 13:20:03.075 [java] [DEBUG] Executing '{} id kontrol' using 'class org.example.BasePage.idControl
07-12-2021 13:20:03.607 [java] [DEBUG] Executing '{} saniye bekle' using 'class org.example.BasePage.waitForsecond
07-12-2021 13:20:06.630 [java] [DEBUG] Executing '{} tıkla' using 'class org.example.BasePage.elementClick
07-12-2021 13:20:06.818 [java] [DEBUG] Executing '{} saniye bekle' using 'class org.example.BasePage.waitForsecond
07-12-2021 13:20:09.844 [java] [DEBUG] Executing '{} id kontrol' using 'class org.example.BasePage.idControl
07-12-2021 13:20:10.091 [java] [DEBUG] Executing '{} saniye bekle' using 'class org.example.BasePage.waitForsecond
07-12-2021 13:20:13.120 [java] [DEBUG] Executing '{} tıkla' using 'class org.example.BasePage.elementClick
07-12-2021 13:20:14.492 [java] [DEBUG] Executing '{} saniye bekle' using 'class org.example.BasePage.waitForsecond
07-12-2021 13:20:17.523 [java] [DEBUG] Executing '{} xpath kontrol' using 'class org.example.BasePage.xpathControl
07-12-2021 13:20:17.852 [java] [DEBUG] Executing '{} saniye bekle' using 'class org.example.BasePage.waitForsecond
07-12-2021 13:20:20.874 [java] [DEBUG] Executing '{} xpath tıkla' using 'class org.example.BasePage.xpathClick
07-12-2021 13:20:21.252 [java] [DEBUG] Executing '{} saniye bekle' using 'class org.example.BasePage.waitForsecond
07-12-2021 13:20:24.282 [java] [DEBUG] Executing '{} xpath tıkla' using 'class org.example.BasePage.xpathClick
07-12-2021 13:20:24.575 [java] [DEBUG] Executing '{} saniye bekle' using 'class org.example.BasePage.waitForsecond
07-12-2021 13:20:27.607 [java] [DEBUG] Executing 'Scroll Yap' using 'class org.example.BasePage.scroll
07-12-2021 13:20:29.852 [java] [DEBUG] Executing '{} saniye bekle' using 'class org.example.BasePage.waitForsecond
07-12-2021 13:20:32.890 [java] [DEBUG] Executing 'Scroll Yap' using 'class org.example.BasePage.scroll
07-12-2021 13:20:35.107 [java] [DEBUG] Executing '{} saniye bekle' using 'class org.example.BasePage.waitForsecond
07-12-2021 13:20:38.130 [java] [DEBUG] Executing '{} Random ürün seç' using 'class org.example.BasePage.randomProduct
07-12-2021 13:20:38.557 [java] [DEBUG] Executing '{} saniye bekle' using 'class org.example.BasePage.waitForsecond
07-12-2021 13:20:41.580 [java] [DEBUG] Executing '{} id kontrol' using 'class org.example.BasePage.idControl
07-12-2021 13:20:41.891 [java] [DEBUG] Executing '{} saniye bekle' using 'class org.example.BasePage.waitForsecond
07-12-2021 13:20:44.917 [java] [DEBUG] Executing '{} tıkla' using 'class org.example.BasePage.elementClick
07-12-2021 13:20:45.160 [java] [DEBUG] Executing '{} saniye bekle' using 'class org.example.BasePage.waitForsecond
07-12-2021 13:20:48.189 [java] [DEBUG] Executing '{} id kontrol' using 'class org.example.BasePage.idControl
07-12-2021 13:20:48.377 [java] [DEBUG] Executing '{} id'li elemente {} text değerini yaz' using 'class org.example.BasePage.sendKeysbyid
07-12-2021 13:20:48.558 [java] [DEBUG] Executing '{} id'li elemente {} text değerini yaz' using 'class org.example.BasePage.sendKeysbyid
07-12-2021 13:20:49.704 [java] [DEBUG] Executing '{} saniye bekle' using 'class org.example.BasePage.waitForsecond
07-12-2021 13:20:51.732 [java] [DEBUG] Executing '{} tıkla' using 'class org.example.BasePage.elementClick
07-12-2021 13:20:51.932 [java] [DEBUG] Executing '{} saniye bekle' using 'class org.example.BasePage.waitForsecond
07-12-2021 13:20:53.952 [java] [DEBUG] Executing '{} tıkla' using 'class org.example.BasePage.elementClick
07-12-2021 13:20:54.579 [java] [DEBUG] Executing '{} saniye bekle' using 'class org.example.BasePage.waitForsecond
07-12-2021 13:20:57.609 [java] [DEBUG] Executing '{} Random ürün seç' using 'class org.example.BasePage.randomProduct
07-12-2021 13:20:58.595 [java] [DEBUG] Executing '{} saniye bekle' using 'class org.example.BasePage.waitForsecond
07-12-2021 13:21:00.611 [java] [DEBUG] Executing '{} tıkla' using 'class org.example.BasePage.elementClick
07-12-2021 13:21:01.608 [html-report] [DEBUG] Transformed SuiteResult to report structure
07-12-2021 13:21:01.707 [html-report] [INFO] Successfully generated html-report to => C:\Users\testinium\IdeaProjects\ozdilekMobileDeneme\reports\html-report\index.html
07-12-2021 13:21:01.707 [html-report] [DEBUG] Done generating HTML report using theme from C:\Users\testinium\AppData\Roaming\gauge\plugins\html-report\4.0.12\themes\default
07-12-2021 13:21:01.707 [Gauge] [DEBUG] Sending kill message to Html Report plugin.
07-12-2021 13:21:01.710 [java] [DEBUG] Killing Java runner...
07-12-2021 13:21:01.713 [java] [DEBUG] Stopping execution pool...
07-12-2021 13:21:01.715 [java] [DEBUG] Shutting down grpc server...
07-12-2021 13:21:01.742 [java] [DEBUG] Runner killed gracefully.
07-12-2021 13:21:02.439 [Gauge] [DEBUG] Runner with PID:10000 has exited
07-12-2021 13:21:02.439 [Gauge] [INFO] Specifications:	1 executed	1 passed	0 failed	0 skipped
07-12-2021 13:21:02.439 [Gauge] [INFO] Scenarios:	1 executed	1 passed	0 failed	0 skipped
07-12-2021 13:21:02.439 [Gauge] [INFO] 
Total time taken: 1m14.715s
07-12-2021 13:21:02.440 [Gauge] [INFO] Updates are available. Run `gauge update -c` for more info.
